Start testing: May 09 05:32 Корейское время (зима)
----------------------------------------------------------
1/88 Testing: ArenaDeathTest.ConstructorRejectsZeroPageSize
1/88 Test: ArenaDeathTest.ConstructorRejectsZeroPageSize
Command: "C:/Users/user/KVDB/build/Debug/arena_test.exe" "--gtest_filter=ArenaDeathTest.ConstructorRejectsZeroPageSize" "--gtest_also_run_disabled_tests"
Directory: C:/Users/user/KVDB/build
"ArenaDeathTest.ConstructorRejectsZeroPageSize" start time: May 09 05:32 Корейское время (зима)
Output:
----------------------------------------------------------
Running main() from C:\Users\user\KVDB\build\_deps\googletest-src\googletest\src\gtest_main.cc
Note: Google Test filter = ArenaDeathTest.ConstructorRejectsZeroPageSize
[==========] Running 1 test from 1 test suite.
[----------] Global test environment set-up.
[----------] 1 test from ArenaDeathTest
[ RUN      ] ArenaDeathTest.ConstructorRejectsZeroPageSize
Running main() from C:\Users\user\KVDB\build\_deps\googletest-src\googletest\src\gtest_main.cc
[       OK ] ArenaDeathTest.ConstructorRejectsZeroPageSize (13 ms)
[----------] 1 test from ArenaDeathTest (13 ms total)

[----------] Global test environment tear-down
[==========] 1 test from 1 test suite ran. (13 ms total)
[  PASSED  ] 1 test.
<end of output>
Test time =   0.03 sec
----------------------------------------------------------
Test Passed.
"ArenaDeathTest.ConstructorRejectsZeroPageSize" end time: May 09 05:32 Корейское время (зима)
"ArenaDeathTest.ConstructorRejectsZeroPageSize" time elapsed: 00:00:00
----------------------------------------------------------

2/88 Testing: ArenaDeathTest.ConstructorRejectsZeroLargeThreshold
2/88 Test: ArenaDeathTest.ConstructorRejectsZeroLargeThreshold
Command: "C:/Users/user/KVDB/build/Debug/arena_test.exe" "--gtest_filter=ArenaDeathTest.ConstructorRejectsZeroLargeThreshold" "--gtest_also_run_disabled_tests"
Directory: C:/Users/user/KVDB/build
"ArenaDeathTest.ConstructorRejectsZeroLargeThreshold" start time: May 09 05:32 Корейское время (зима)
Output:
----------------------------------------------------------
Running main() from C:\Users\user\KVDB\build\_deps\googletest-src\googletest\src\gtest_main.cc
Note: Google Test filter = ArenaDeathTest.ConstructorRejectsZeroLargeThreshold
[==========] Running 1 test from 1 test suite.
[----------] Global test environment set-up.
[----------] 1 test from ArenaDeathTest
[ RUN      ] ArenaDeathTest.ConstructorRejectsZeroLargeThreshold
Running main() from C:\Users\user\KVDB\build\_deps\googletest-src\googletest\src\gtest_main.cc
[       OK ] ArenaDeathTest.ConstructorRejectsZeroLargeThreshold (12 ms)
[----------] 1 test from ArenaDeathTest (12 ms total)

[----------] Global test environment tear-down
[==========] 1 test from 1 test suite ran. (12 ms total)
[  PASSED  ] 1 test.
<end of output>
Test time =   0.02 sec
----------------------------------------------------------
Test Passed.
"ArenaDeathTest.ConstructorRejectsZeroLargeThreshold" end time: May 09 05:32 Корейское время (зима)
"ArenaDeathTest.ConstructorRejectsZeroLargeThreshold" time elapsed: 00:00:00
----------------------------------------------------------

3/88 Testing: ArenaDeathTest.AllocRejectsInvalidAlignment
3/88 Test: ArenaDeathTest.AllocRejectsInvalidAlignment
Command: "C:/Users/user/KVDB/build/Debug/arena_test.exe" "--gtest_filter=ArenaDeathTest.AllocRejectsInvalidAlignment" "--gtest_also_run_disabled_tests"
Directory: C:/Users/user/KVDB/build
"ArenaDeathTest.AllocRejectsInvalidAlignment" start time: May 09 05:32 Корейское время (зима)
Output:
----------------------------------------------------------
Running main() from C:\Users\user\KVDB\build\_deps\googletest-src\googletest\src\gtest_main.cc
Note: Google Test filter = ArenaDeathTest.AllocRejectsInvalidAlignment
[==========] Running 1 test from 1 test suite.
[----------] Global test environment set-up.
[----------] 1 test from ArenaDeathTest
[ RUN      ] ArenaDeathTest.AllocRejectsInvalidAlignment
Running main() from C:\Users\user\KVDB\build\_deps\googletest-src\googletest\src\gtest_main.cc
[       OK ] ArenaDeathTest.AllocRejectsInvalidAlignment (13 ms)
[----------] 1 test from ArenaDeathTest (13 ms total)

[----------] Global test environment tear-down
[==========] 1 test from 1 test suite ran. (13 ms total)
[  PASSED  ] 1 test.
<end of output>
Test time =   0.03 sec
----------------------------------------------------------
Test Passed.
"ArenaDeathTest.AllocRejectsInvalidAlignment" end time: May 09 05:32 Корейское время (зима)
"ArenaDeathTest.AllocRejectsInvalidAlignment" time elapsed: 00:00:00
----------------------------------------------------------

4/88 Testing: ArenaTest.AllocReturnsNonNullForValidSmallAllocation
4/88 Test: ArenaTest.AllocReturnsNonNullForValidSmallAllocation
Command: "C:/Users/user/KVDB/build/Debug/arena_test.exe" "--gtest_filter=ArenaTest.AllocReturnsNonNullForValidSmallAllocation" "--gtest_also_run_disabled_tests"
Directory: C:/Users/user/KVDB/build
"ArenaTest.AllocReturnsNonNullForValidSmallAllocation" start time: May 09 05:32 Корейское время (зима)
Output:
----------------------------------------------------------
Running main() from C:\Users\user\KVDB\build\_deps\googletest-src\googletest\src\gtest_main.cc
Note: Google Test filter = ArenaTest.AllocReturnsNonNullForValidSmallAllocation
[==========] Running 1 test from 1 test suite.
[----------] Global test environment set-up.
[----------] 1 test from ArenaTest
[ RUN      ] ArenaTest.AllocReturnsNonNullForValidSmallAllocation
[       OK ] ArenaTest.AllocReturnsNonNullForValidSmallAllocation (0 ms)
[----------] 1 test from ArenaTest (0 ms total)

[----------] Global test environment tear-down
[==========] 1 test from 1 test suite ran. (0 ms total)
[  PASSED  ] 1 test.
<end of output>
Test time =   0.01 sec
----------------------------------------------------------
Test Passed.
"ArenaTest.AllocReturnsNonNullForValidSmallAllocation" end time: May 09 05:32 Корейское время (зима)
"ArenaTest.AllocReturnsNonNullForValidSmallAllocation" time elapsed: 00:00:00
----------------------------------------------------------

5/88 Testing: ArenaTest.AllocZeroSizeReturnsNull
5/88 Test: ArenaTest.AllocZeroSizeReturnsNull
Command: "C:/Users/user/KVDB/build/Debug/arena_test.exe" "--gtest_filter=ArenaTest.AllocZeroSizeReturnsNull" "--gtest_also_run_disabled_tests"
Directory: C:/Users/user/KVDB/build
"ArenaTest.AllocZeroSizeReturnsNull" start time: May 09 05:32 Корейское время (зима)
Output:
----------------------------------------------------------
Running main() from C:\Users\user\KVDB\build\_deps\googletest-src\googletest\src\gtest_main.cc
Note: Google Test filter = ArenaTest.AllocZeroSizeReturnsNull
[==========] Running 1 test from 1 test suite.
[----------] Global test environment set-up.
[----------] 1 test from ArenaTest
[ RUN      ] ArenaTest.AllocZeroSizeReturnsNull
[       OK ] ArenaTest.AllocZeroSizeReturnsNull (0 ms)
[----------] 1 test from ArenaTest (0 ms total)

[----------] Global test environment tear-down
[==========] 1 test from 1 test suite ran. (0 ms total)
[  PASSED  ] 1 test.
<end of output>
Test time =   0.01 sec
----------------------------------------------------------
Test Passed.
"ArenaTest.AllocZeroSizeReturnsNull" end time: May 09 05:32 Корейское время (зима)
"ArenaTest.AllocZeroSizeReturnsNull" time elapsed: 00:00:00
----------------------------------------------------------

6/88 Testing: ArenaTest.ReturnedPointerProperlyAligned
6/88 Test: ArenaTest.ReturnedPointerProperlyAligned
Command: "C:/Users/user/KVDB/build/Debug/arena_test.exe" "--gtest_filter=ArenaTest.ReturnedPointerProperlyAligned" "--gtest_also_run_disabled_tests"
Directory: C:/Users/user/KVDB/build
"ArenaTest.ReturnedPointerProperlyAligned" start time: May 09 05:32 Корейское время (зима)
Output:
----------------------------------------------------------
Running main() from C:\Users\user\KVDB\build\_deps\googletest-src\googletest\src\gtest_main.cc
Note: Google Test filter = ArenaTest.ReturnedPointerProperlyAligned
[==========] Running 1 test from 1 test suite.
[----------] Global test environment set-up.
[----------] 1 test from ArenaTest
[ RUN      ] ArenaTest.ReturnedPointerProperlyAligned
[       OK ] ArenaTest.ReturnedPointerProperlyAligned (0 ms)
[----------] 1 test from ArenaTest (0 ms total)

[----------] Global test environment tear-down
[==========] 1 test from 1 test suite ran. (0 ms total)
[  PASSED  ] 1 test.
<end of output>
Test time =   0.01 sec
----------------------------------------------------------
Test Passed.
"ArenaTest.ReturnedPointerProperlyAligned" end time: May 09 05:32 Корейское время (зима)
"ArenaTest.ReturnedPointerProperlyAligned" time elapsed: 00:00:00
----------------------------------------------------------

7/88 Testing: ArenaTest.AllocatedMemoryIsWritable
7/88 Test: ArenaTest.AllocatedMemoryIsWritable
Command: "C:/Users/user/KVDB/build/Debug/arena_test.exe" "--gtest_filter=ArenaTest.AllocatedMemoryIsWritable" "--gtest_also_run_disabled_tests"
Directory: C:/Users/user/KVDB/build
"ArenaTest.AllocatedMemoryIsWritable" start time: May 09 05:32 Корейское время (зима)
Output:
----------------------------------------------------------
Running main() from C:\Users\user\KVDB\build\_deps\googletest-src\googletest\src\gtest_main.cc
Note: Google Test filter = ArenaTest.AllocatedMemoryIsWritable
[==========] Running 1 test from 1 test suite.
[----------] Global test environment set-up.
[----------] 1 test from ArenaTest
[ RUN      ] ArenaTest.AllocatedMemoryIsWritable
[       OK ] ArenaTest.AllocatedMemoryIsWritable (0 ms)
[----------] 1 test from ArenaTest (0 ms total)

[----------] Global test environment tear-down
[==========] 1 test from 1 test suite ran. (0 ms total)
[  PASSED  ] 1 test.
<end of output>
Test time =   0.01 sec
----------------------------------------------------------
Test Passed.
"ArenaTest.AllocatedMemoryIsWritable" end time: May 09 05:32 Корейское время (зима)
"ArenaTest.AllocatedMemoryIsWritable" time elapsed: 00:00:00
----------------------------------------------------------

8/88 Testing: ArenaTest.MultipleSmallAllocationsUseSamePageWhenTheyFit
8/88 Test: ArenaTest.MultipleSmallAllocationsUseSamePageWhenTheyFit
Command: "C:/Users/user/KVDB/build/Debug/arena_test.exe" "--gtest_filter=ArenaTest.MultipleSmallAllocationsUseSamePageWhenTheyFit" "--gtest_also_run_disabled_tests"
Directory: C:/Users/user/KVDB/build
"ArenaTest.MultipleSmallAllocationsUseSamePageWhenTheyFit" start time: May 09 05:32 Корейское время (зима)
Output:
----------------------------------------------------------
Running main() from C:\Users\user\KVDB\build\_deps\googletest-src\googletest\src\gtest_main.cc
Note: Google Test filter = ArenaTest.MultipleSmallAllocationsUseSamePageWhenTheyFit
[==========] Running 1 test from 1 test suite.
[----------] Global test environment set-up.
[----------] 1 test from ArenaTest
[ RUN      ] ArenaTest.MultipleSmallAllocationsUseSamePageWhenTheyFit
[       OK ] ArenaTest.MultipleSmallAllocationsUseSamePageWhenTheyFit (0 ms)
[----------] 1 test from ArenaTest (0 ms total)

[----------] Global test environment tear-down
[==========] 1 test from 1 test suite ran. (0 ms total)
[  PASSED  ] 1 test.
<end of output>
Test time =   0.01 sec
----------------------------------------------------------
Test Passed.
"ArenaTest.MultipleSmallAllocationsUseSamePageWhenTheyFit" end time: May 09 05:32 Корейское время (зима)
"ArenaTest.MultipleSmallAllocationsUseSamePageWhenTheyFit" time elapsed: 00:00:00
----------------------------------------------------------

9/88 Testing: ArenaTest.CreatesNewPageWhenCurrentPageDoesNotFit
9/88 Test: ArenaTest.CreatesNewPageWhenCurrentPageDoesNotFit
Command: "C:/Users/user/KVDB/build/Debug/arena_test.exe" "--gtest_filter=ArenaTest.CreatesNewPageWhenCurrentPageDoesNotFit" "--gtest_also_run_disabled_tests"
Directory: C:/Users/user/KVDB/build
"ArenaTest.CreatesNewPageWhenCurrentPageDoesNotFit" start time: May 09 05:32 Корейское время (зима)
Output:
----------------------------------------------------------
Running main() from C:\Users\user\KVDB\build\_deps\googletest-src\googletest\src\gtest_main.cc
Note: Google Test filter = ArenaTest.CreatesNewPageWhenCurrentPageDoesNotFit
[==========] Running 1 test from 1 test suite.
[----------] Global test environment set-up.
[----------] 1 test from ArenaTest
[ RUN      ] ArenaTest.CreatesNewPageWhenCurrentPageDoesNotFit
[       OK ] ArenaTest.CreatesNewPageWhenCurrentPageDoesNotFit (0 ms)
[----------] 1 test from ArenaTest (0 ms total)

[----------] Global test environment tear-down
[==========] 1 test from 1 test suite ran. (0 ms total)
[  PASSED  ] 1 test.
<end of output>
Test time =   0.01 sec
----------------------------------------------------------
Test Passed.
"ArenaTest.CreatesNewPageWhenCurrentPageDoesNotFit" end time: May 09 05:32 Корейское время (зима)
"ArenaTest.CreatesNewPageWhenCurrentPageDoesNotFit" time elapsed: 00:00:00
----------------------------------------------------------

10/88 Testing: ArenaTest.LargeAllocationGoesToLargeList
10/88 Test: ArenaTest.LargeAllocationGoesToLargeList
Command: "C:/Users/user/KVDB/build/Debug/arena_test.exe" "--gtest_filter=ArenaTest.LargeAllocationGoesToLargeList" "--gtest_also_run_disabled_tests"
Directory: C:/Users/user/KVDB/build
"ArenaTest.LargeAllocationGoesToLargeList" start time: May 09 05:32 Корейское время (зима)
Output:
----------------------------------------------------------
Running main() from C:\Users\user\KVDB\build\_deps\googletest-src\googletest\src\gtest_main.cc
Note: Google Test filter = ArenaTest.LargeAllocationGoesToLargeList
[==========] Running 1 test from 1 test suite.
[----------] Global test environment set-up.
[----------] 1 test from ArenaTest
[ RUN      ] ArenaTest.LargeAllocationGoesToLargeList
[       OK ] ArenaTest.LargeAllocationGoesToLargeList (0 ms)
[----------] 1 test from ArenaTest (0 ms total)

[----------] Global test environment tear-down
[==========] 1 test from 1 test suite ran. (0 ms total)
[  PASSED  ] 1 test.
<end of output>
Test time =   0.01 sec
----------------------------------------------------------
Test Passed.
"ArenaTest.LargeAllocationGoesToLargeList" end time: May 09 05:32 Корейское время (зима)
"ArenaTest.LargeAllocationGoesToLargeList" time elapsed: 00:00:00
----------------------------------------------------------

11/88 Testing: ArenaTest.AllocationBelowLargeThresholdUsesSmallPage
11/88 Test: ArenaTest.AllocationBelowLargeThresholdUsesSmallPage
Command: "C:/Users/user/KVDB/build/Debug/arena_test.exe" "--gtest_filter=ArenaTest.AllocationBelowLargeThresholdUsesSmallPage" "--gtest_also_run_disabled_tests"
Directory: C:/Users/user/KVDB/build
"ArenaTest.AllocationBelowLargeThresholdUsesSmallPage" start time: May 09 05:32 Корейское время (зима)
Output:
----------------------------------------------------------
Running main() from C:\Users\user\KVDB\build\_deps\googletest-src\googletest\src\gtest_main.cc
Note: Google Test filter = ArenaTest.AllocationBelowLargeThresholdUsesSmallPage
[==========] Running 1 test from 1 test suite.
[----------] Global test environment set-up.
[----------] 1 test from ArenaTest
[ RUN      ] ArenaTest.AllocationBelowLargeThresholdUsesSmallPage
[       OK ] ArenaTest.AllocationBelowLargeThresholdUsesSmallPage (0 ms)
[----------] 1 test from ArenaTest (0 ms total)

[----------] Global test environment tear-down
[==========] 1 test from 1 test suite ran. (0 ms total)
[  PASSED  ] 1 test.
<end of output>
Test time =   0.01 sec
----------------------------------------------------------
Test Passed.
"ArenaTest.AllocationBelowLargeThresholdUsesSmallPage" end time: May 09 05:32 Корейское время (зима)
"ArenaTest.AllocationBelowLargeThresholdUsesSmallPage" time elapsed: 00:00:00
----------------------------------------------------------

12/88 Testing: ArenaTest.AllocationAtLargeThresholdUsesLargeList
12/88 Test: ArenaTest.AllocationAtLargeThresholdUsesLargeList
Command: "C:/Users/user/KVDB/build/Debug/arena_test.exe" "--gtest_filter=ArenaTest.AllocationAtLargeThresholdUsesLargeList" "--gtest_also_run_disabled_tests"
Directory: C:/Users/user/KVDB/build
"ArenaTest.AllocationAtLargeThresholdUsesLargeList" start time: May 09 05:32 Корейское время (зима)
Output:
----------------------------------------------------------
Running main() from C:\Users\user\KVDB\build\_deps\googletest-src\googletest\src\gtest_main.cc
Note: Google Test filter = ArenaTest.AllocationAtLargeThresholdUsesLargeList
[==========] Running 1 test from 1 test suite.
[----------] Global test environment set-up.
[----------] 1 test from ArenaTest
[ RUN      ] ArenaTest.AllocationAtLargeThresholdUsesLargeList
[       OK ] ArenaTest.AllocationAtLargeThresholdUsesLargeList (0 ms)
[----------] 1 test from ArenaTest (0 ms total)

[----------] Global test environment tear-down
[==========] 1 test from 1 test suite ran. (0 ms total)
[  PASSED  ] 1 test.
<end of output>
Test time =   0.01 sec
----------------------------------------------------------
Test Passed.
"ArenaTest.AllocationAtLargeThresholdUsesLargeList" end time: May 09 05:32 Корейское время (зима)
"ArenaTest.AllocationAtLargeThresholdUsesLargeList" time elapsed: 00:00:00
----------------------------------------------------------

13/88 Testing: ArenaTest.CheckpointRollbackRestoresUsedBytes
13/88 Test: ArenaTest.CheckpointRollbackRestoresUsedBytes
Command: "C:/Users/user/KVDB/build/Debug/arena_test.exe" "--gtest_filter=ArenaTest.CheckpointRollbackRestoresUsedBytes" "--gtest_also_run_disabled_tests"
Directory: C:/Users/user/KVDB/build
"ArenaTest.CheckpointRollbackRestoresUsedBytes" start time: May 09 05:32 Корейское время (зима)
Output:
----------------------------------------------------------
Running main() from C:\Users\user\KVDB\build\_deps\googletest-src\googletest\src\gtest_main.cc
Note: Google Test filter = ArenaTest.CheckpointRollbackRestoresUsedBytes
[==========] Running 1 test from 1 test suite.
[----------] Global test environment set-up.
[----------] 1 test from ArenaTest
[ RUN      ] ArenaTest.CheckpointRollbackRestoresUsedBytes
[       OK ] ArenaTest.CheckpointRollbackRestoresUsedBytes (0 ms)
[----------] 1 test from ArenaTest (0 ms total)

[----------] Global test environment tear-down
[==========] 1 test from 1 test suite ran. (0 ms total)
[  PASSED  ] 1 test.
<end of output>
Test time =   0.01 sec
----------------------------------------------------------
Test Passed.
"ArenaTest.CheckpointRollbackRestoresUsedBytes" end time: May 09 05:32 Корейское время (зима)
"ArenaTest.CheckpointRollbackRestoresUsedBytes" time elapsed: 00:00:00
----------------------------------------------------------

14/88 Testing: ArenaTest.RollbackRemovesPagesAllocatedAfterCheckpoint
14/88 Test: ArenaTest.RollbackRemovesPagesAllocatedAfterCheckpoint
Command: "C:/Users/user/KVDB/build/Debug/arena_test.exe" "--gtest_filter=ArenaTest.RollbackRemovesPagesAllocatedAfterCheckpoint" "--gtest_also_run_disabled_tests"
Directory: C:/Users/user/KVDB/build
"ArenaTest.RollbackRemovesPagesAllocatedAfterCheckpoint" start time: May 09 05:32 Корейское время (зима)
Output:
----------------------------------------------------------
Running main() from C:\Users\user\KVDB\build\_deps\googletest-src\googletest\src\gtest_main.cc
Note: Google Test filter = ArenaTest.RollbackRemovesPagesAllocatedAfterCheckpoint
[==========] Running 1 test from 1 test suite.
[----------] Global test environment set-up.
[----------] 1 test from ArenaTest
[ RUN      ] ArenaTest.RollbackRemovesPagesAllocatedAfterCheckpoint
[       OK ] ArenaTest.RollbackRemovesPagesAllocatedAfterCheckpoint (0 ms)
[----------] 1 test from ArenaTest (0 ms total)

[----------] Global test environment tear-down
[==========] 1 test from 1 test suite ran. (0 ms total)
[  PASSED  ] 1 test.
<end of output>
Test time =   0.01 sec
----------------------------------------------------------
Test Passed.
"ArenaTest.RollbackRemovesPagesAllocatedAfterCheckpoint" end time: May 09 05:32 Корейское время (зима)
"ArenaTest.RollbackRemovesPagesAllocatedAfterCheckpoint" time elapsed: 00:00:00
----------------------------------------------------------

15/88 Testing: ArenaTest.RollbackRemovesLargeAllocationsAfterCheckpoint
15/88 Test: ArenaTest.RollbackRemovesLargeAllocationsAfterCheckpoint
Command: "C:/Users/user/KVDB/build/Debug/arena_test.exe" "--gtest_filter=ArenaTest.RollbackRemovesLargeAllocationsAfterCheckpoint" "--gtest_also_run_disabled_tests"
Directory: C:/Users/user/KVDB/build
"ArenaTest.RollbackRemovesLargeAllocationsAfterCheckpoint" start time: May 09 05:32 Корейское время (зима)
Output:
----------------------------------------------------------
Running main() from C:\Users\user\KVDB\build\_deps\googletest-src\googletest\src\gtest_main.cc
Note: Google Test filter = ArenaTest.RollbackRemovesLargeAllocationsAfterCheckpoint
[==========] Running 1 test from 1 test suite.
[----------] Global test environment set-up.
[----------] 1 test from ArenaTest
[ RUN      ] ArenaTest.RollbackRemovesLargeAllocationsAfterCheckpoint
[       OK ] ArenaTest.RollbackRemovesLargeAllocationsAfterCheckpoint (0 ms)
[----------] 1 test from ArenaTest (0 ms total)

[----------] Global test environment tear-down
[==========] 1 test from 1 test suite ran. (0 ms total)
[  PASSED  ] 1 test.
<end of output>
Test time =   0.01 sec
----------------------------------------------------------
Test Passed.
"ArenaTest.RollbackRemovesLargeAllocationsAfterCheckpoint" end time: May 09 05:32 Корейское время (зима)
"ArenaTest.RollbackRemovesLargeAllocationsAfterCheckpoint" time elapsed: 00:00:00
----------------------------------------------------------

16/88 Testing: ArenaTest.RollbackAllowsMemoryReuse
16/88 Test: ArenaTest.RollbackAllowsMemoryReuse
Command: "C:/Users/user/KVDB/build/Debug/arena_test.exe" "--gtest_filter=ArenaTest.RollbackAllowsMemoryReuse" "--gtest_also_run_disabled_tests"
Directory: C:/Users/user/KVDB/build
"ArenaTest.RollbackAllowsMemoryReuse" start time: May 09 05:32 Корейское время (зима)
Output:
----------------------------------------------------------
Running main() from C:\Users\user\KVDB\build\_deps\googletest-src\googletest\src\gtest_main.cc
Note: Google Test filter = ArenaTest.RollbackAllowsMemoryReuse
[==========] Running 1 test from 1 test suite.
[----------] Global test environment set-up.
[----------] 1 test from ArenaTest
[ RUN      ] ArenaTest.RollbackAllowsMemoryReuse
[       OK ] ArenaTest.RollbackAllowsMemoryReuse (0 ms)
[----------] 1 test from ArenaTest (0 ms total)

[----------] Global test environment tear-down
[==========] 1 test from 1 test suite ran. (0 ms total)
[  PASSED  ] 1 test.
<end of output>
Test time =   0.01 sec
----------------------------------------------------------
Test Passed.
"ArenaTest.RollbackAllowsMemoryReuse" end time: May 09 05:32 Корейское время (зима)
"ArenaTest.RollbackAllowsMemoryReuse" time elapsed: 00:00:00
----------------------------------------------------------

17/88 Testing: ArenaTest.ResetFalseKeepsFirstPageButClearsEverythingElse
17/88 Test: ArenaTest.ResetFalseKeepsFirstPageButClearsEverythingElse
Command: "C:/Users/user/KVDB/build/Debug/arena_test.exe" "--gtest_filter=ArenaTest.ResetFalseKeepsFirstPageButClearsEverythingElse" "--gtest_also_run_disabled_tests"
Directory: C:/Users/user/KVDB/build
"ArenaTest.ResetFalseKeepsFirstPageButClearsEverythingElse" start time: May 09 05:32 Корейское время (зима)
Output:
----------------------------------------------------------
Running main() from C:\Users\user\KVDB\build\_deps\googletest-src\googletest\src\gtest_main.cc
Note: Google Test filter = ArenaTest.ResetFalseKeepsFirstPageButClearsEverythingElse
[==========] Running 1 test from 1 test suite.
[----------] Global test environment set-up.
[----------] 1 test from ArenaTest
[ RUN      ] ArenaTest.ResetFalseKeepsFirstPageButClearsEverythingElse
[       OK ] ArenaTest.ResetFalseKeepsFirstPageButClearsEverythingElse (0 ms)
[----------] 1 test from ArenaTest (0 ms total)

[----------] Global test environment tear-down
[==========] 1 test from 1 test suite ran. (0 ms total)
[  PASSED  ] 1 test.
<end of output>
Test time =   0.01 sec
----------------------------------------------------------
Test Passed.
"ArenaTest.ResetFalseKeepsFirstPageButClearsEverythingElse" end time: May 09 05:32 Корейское время (зима)
"ArenaTest.ResetFalseKeepsFirstPageButClearsEverythingElse" time elapsed: 00:00:00
----------------------------------------------------------

18/88 Testing: ArenaTest.ResetTrueReleasesEverything
18/88 Test: ArenaTest.ResetTrueReleasesEverything
Command: "C:/Users/user/KVDB/build/Debug/arena_test.exe" "--gtest_filter=ArenaTest.ResetTrueReleasesEverything" "--gtest_also_run_disabled_tests"
Directory: C:/Users/user/KVDB/build
"ArenaTest.ResetTrueReleasesEverything" start time: May 09 05:32 Корейское время (зима)
Output:
----------------------------------------------------------
Running main() from C:\Users\user\KVDB\build\_deps\googletest-src\googletest\src\gtest_main.cc
Note: Google Test filter = ArenaTest.ResetTrueReleasesEverything
[==========] Running 1 test from 1 test suite.
[----------] Global test environment set-up.
[----------] 1 test from ArenaTest
[ RUN      ] ArenaTest.ResetTrueReleasesEverything
[       OK ] ArenaTest.ResetTrueReleasesEverything (0 ms)
[----------] 1 test from ArenaTest (0 ms total)

[----------] Global test environment tear-down
[==========] 1 test from 1 test suite ran. (0 ms total)
[  PASSED  ] 1 test.
<end of output>
Test time =   0.01 sec
----------------------------------------------------------
Test Passed.
"ArenaTest.ResetTrueReleasesEverything" end time: May 09 05:32 Корейское время (зима)
"ArenaTest.ResetTrueReleasesEverything" time elapsed: 00:00:00
----------------------------------------------------------

19/88 Testing: ArenaTest.ArenaCopyBytesCopiesData
19/88 Test: ArenaTest.ArenaCopyBytesCopiesData
Command: "C:/Users/user/KVDB/build/Debug/arena_test.exe" "--gtest_filter=ArenaTest.ArenaCopyBytesCopiesData" "--gtest_also_run_disabled_tests"
Directory: C:/Users/user/KVDB/build
"ArenaTest.ArenaCopyBytesCopiesData" start time: May 09 05:32 Корейское время (зима)
Output:
----------------------------------------------------------
Running main() from C:\Users\user\KVDB\build\_deps\googletest-src\googletest\src\gtest_main.cc
Note: Google Test filter = ArenaTest.ArenaCopyBytesCopiesData
[==========] Running 1 test from 1 test suite.
[----------] Global test environment set-up.
[----------] 1 test from ArenaTest
[ RUN      ] ArenaTest.ArenaCopyBytesCopiesData
[       OK ] ArenaTest.ArenaCopyBytesCopiesData (0 ms)
[----------] 1 test from ArenaTest (0 ms total)

[----------] Global test environment tear-down
[==========] 1 test from 1 test suite ran. (0 ms total)
[  PASSED  ] 1 test.
<end of output>
Test time =   0.01 sec
----------------------------------------------------------
Test Passed.
"ArenaTest.ArenaCopyBytesCopiesData" end time: May 09 05:32 Корейское время (зима)
"ArenaTest.ArenaCopyBytesCopiesData" time elapsed: 00:00:00
----------------------------------------------------------

20/88 Testing: ArenaTest.ArenaCopyBytesZeroSizeReturnsNullSpan
20/88 Test: ArenaTest.ArenaCopyBytesZeroSizeReturnsNullSpan
Command: "C:/Users/user/KVDB/build/Debug/arena_test.exe" "--gtest_filter=ArenaTest.ArenaCopyBytesZeroSizeReturnsNullSpan" "--gtest_also_run_disabled_tests"
Directory: C:/Users/user/KVDB/build
"ArenaTest.ArenaCopyBytesZeroSizeReturnsNullSpan" start time: May 09 05:32 Корейское время (зима)
Output:
----------------------------------------------------------
Running main() from C:\Users\user\KVDB\build\_deps\googletest-src\googletest\src\gtest_main.cc
Note: Google Test filter = ArenaTest.ArenaCopyBytesZeroSizeReturnsNullSpan
[==========] Running 1 test from 1 test suite.
[----------] Global test environment set-up.
[----------] 1 test from ArenaTest
[ RUN      ] ArenaTest.ArenaCopyBytesZeroSizeReturnsNullSpan
[       OK ] ArenaTest.ArenaCopyBytesZeroSizeReturnsNullSpan (0 ms)
[----------] 1 test from ArenaTest (0 ms total)

[----------] Global test environment tear-down
[==========] 1 test from 1 test suite ran. (0 ms total)
[  PASSED  ] 1 test.
<end of output>
Test time =   0.01 sec
----------------------------------------------------------
Test Passed.
"ArenaTest.ArenaCopyBytesZeroSizeReturnsNullSpan" end time: May 09 05:32 Корейское время (зима)
"ArenaTest.ArenaCopyBytesZeroSizeReturnsNullSpan" time elapsed: 00:00:00
----------------------------------------------------------

21/88 Testing: ArenaTest.EqualEntriesCompareEqual
21/88 Test: ArenaTest.EqualEntriesCompareEqual
Command: "C:/Users/user/KVDB/build/Debug/arena_test.exe" "--gtest_filter=ArenaTest.EqualEntriesCompareEqual" "--gtest_also_run_disabled_tests"
Directory: C:/Users/user/KVDB/build
"ArenaTest.EqualEntriesCompareEqual" start time: May 09 05:32 Корейское время (зима)
Output:
----------------------------------------------------------
Running main() from C:\Users\user\KVDB\build\_deps\googletest-src\googletest\src\gtest_main.cc
Note: Google Test filter = ArenaTest.EqualEntriesCompareEqual
[==========] Running 1 test from 1 test suite.
[----------] Global test environment set-up.
[----------] 1 test from ArenaTest
[ RUN      ] ArenaTest.EqualEntriesCompareEqual
[       OK ] ArenaTest.EqualEntriesCompareEqual (0 ms)
[----------] 1 test from ArenaTest (0 ms total)

[----------] Global test environment tear-down
[==========] 1 test from 1 test suite ran. (0 ms total)
[  PASSED  ] 1 test.
<end of output>
Test time =   0.01 sec
----------------------------------------------------------
Test Passed.
"ArenaTest.EqualEntriesCompareEqual" end time: May 09 05:32 Корейское время (зима)
"ArenaTest.EqualEntriesCompareEqual" time elapsed: 00:00:00
----------------------------------------------------------

22/88 Testing: ArenaTest.AllocationOfDifferentAlignments
22/88 Test: ArenaTest.AllocationOfDifferentAlignments
Command: "C:/Users/user/KVDB/build/Debug/arena_test.exe" "--gtest_filter=ArenaTest.AllocationOfDifferentAlignments" "--gtest_also_run_disabled_tests"
Directory: C:/Users/user/KVDB/build
"ArenaTest.AllocationOfDifferentAlignments" start time: May 09 05:32 Корейское время (зима)
Output:
----------------------------------------------------------
Running main() from C:\Users\user\KVDB\build\_deps\googletest-src\googletest\src\gtest_main.cc
Note: Google Test filter = ArenaTest.AllocationOfDifferentAlignments
[==========] Running 1 test from 1 test suite.
[----------] Global test environment set-up.
[----------] 1 test from ArenaTest
[ RUN      ] ArenaTest.AllocationOfDifferentAlignments
[       OK ] ArenaTest.AllocationOfDifferentAlignments (0 ms)
[----------] 1 test from ArenaTest (0 ms total)

[----------] Global test environment tear-down
[==========] 1 test from 1 test suite ran. (0 ms total)
[  PASSED  ] 1 test.
<end of output>
Test time =   0.01 sec
----------------------------------------------------------
Test Passed.
"ArenaTest.AllocationOfDifferentAlignments" end time: May 09 05:32 Корейское время (зима)
"ArenaTest.AllocationOfDifferentAlignments" time elapsed: 00:00:00
----------------------------------------------------------

23/88 Testing: ArenaTest.RandomAllocations
23/88 Test: ArenaTest.RandomAllocations
Command: "C:/Users/user/KVDB/build/Debug/arena_test.exe" "--gtest_filter=ArenaTest.RandomAllocations" "--gtest_also_run_disabled_tests"
Directory: C:/Users/user/KVDB/build
"ArenaTest.RandomAllocations" start time: May 09 05:32 Корейское время (зима)
Output:
----------------------------------------------------------
Running main() from C:\Users\user\KVDB\build\_deps\googletest-src\googletest\src\gtest_main.cc
Note: Google Test filter = ArenaTest.RandomAllocations
[==========] Running 1 test from 1 test suite.
[----------] Global test environment set-up.
[----------] 1 test from ArenaTest
[ RUN      ] ArenaTest.RandomAllocations
[       OK ] ArenaTest.RandomAllocations (49 ms)
[----------] 1 test from ArenaTest (50 ms total)

[----------] Global test environment tear-down
[==========] 1 test from 1 test suite ran. (50 ms total)
[  PASSED  ] 1 test.
<end of output>
Test time =   0.06 sec
----------------------------------------------------------
Test Passed.
"ArenaTest.RandomAllocations" end time: May 09 05:32 Корейское время (зима)
"ArenaTest.RandomAllocations" time elapsed: 00:00:00
----------------------------------------------------------

24/88 Testing: ArenaTest.ConstructTest
24/88 Test: ArenaTest.ConstructTest
Command: "C:/Users/user/KVDB/build/Debug/arena_test.exe" "--gtest_filter=ArenaTest.ConstructTest" "--gtest_also_run_disabled_tests"
Directory: C:/Users/user/KVDB/build
"ArenaTest.ConstructTest" start time: May 09 05:32 Корейское время (зима)
Output:
----------------------------------------------------------
Running main() from C:\Users\user\KVDB\build\_deps\googletest-src\googletest\src\gtest_main.cc
Note: Google Test filter = ArenaTest.ConstructTest
[==========] Running 1 test from 1 test suite.
[----------] Global test environment set-up.
[----------] 1 test from ArenaTest
[ RUN      ] ArenaTest.ConstructTest
[       OK ] ArenaTest.ConstructTest (0 ms)
[----------] 1 test from ArenaTest (0 ms total)

[----------] Global test environment tear-down
[==========] 1 test from 1 test suite ran. (0 ms total)
[  PASSED  ] 1 test.
<end of output>
Test time =   0.01 sec
----------------------------------------------------------
Test Passed.
"ArenaTest.ConstructTest" end time: May 09 05:32 Корейское время (зима)
"ArenaTest.ConstructTest" time elapsed: 00:00:00
----------------------------------------------------------

25/88 Testing: ArenaTest.NewFollowedByRest
25/88 Test: ArenaTest.NewFollowedByRest
Command: "C:/Users/user/KVDB/build/Debug/arena_test.exe" "--gtest_filter=ArenaTest.NewFollowedByRest" "--gtest_also_run_disabled_tests"
Directory: C:/Users/user/KVDB/build
"ArenaTest.NewFollowedByRest" start time: May 09 05:32 Корейское время (зима)
Output:
----------------------------------------------------------
Running main() from C:\Users\user\KVDB\build\_deps\googletest-src\googletest\src\gtest_main.cc
Note: Google Test filter = ArenaTest.NewFollowedByRest
[==========] Running 1 test from 1 test suite.
[----------] Global test environment set-up.
[----------] 1 test from ArenaTest
[ RUN      ] ArenaTest.NewFollowedByRest
[       OK ] ArenaTest.NewFollowedByRest (0 ms)
[----------] 1 test from ArenaTest (0 ms total)

[----------] Global test environment tear-down
[==========] 1 test from 1 test suite ran. (0 ms total)
[  PASSED  ] 1 test.
<end of output>
Test time =   0.01 sec
----------------------------------------------------------
Test Passed.
"ArenaTest.NewFollowedByRest" end time: May 09 05:32 Корейское время (зима)
"ArenaTest.NewFollowedByRest" time elapsed: 00:00:00
----------------------------------------------------------

26/88 Testing: ArenaTest.OldAllocsStableAfterPageGrowth
26/88 Test: ArenaTest.OldAllocsStableAfterPageGrowth
Command: "C:/Users/user/KVDB/build/Debug/arena_test.exe" "--gtest_filter=ArenaTest.OldAllocsStableAfterPageGrowth" "--gtest_also_run_disabled_tests"
Directory: C:/Users/user/KVDB/build
"ArenaTest.OldAllocsStableAfterPageGrowth" start time: May 09 05:32 Корейское время (зима)
Output:
----------------------------------------------------------
Running main() from C:\Users\user\KVDB\build\_deps\googletest-src\googletest\src\gtest_main.cc
Note: Google Test filter = ArenaTest.OldAllocsStableAfterPageGrowth
[==========] Running 1 test from 1 test suite.
[----------] Global test environment set-up.
[----------] 1 test from ArenaTest
[ RUN      ] ArenaTest.OldAllocsStableAfterPageGrowth
[       OK ] ArenaTest.OldAllocsStableAfterPageGrowth (0 ms)
[----------] 1 test from ArenaTest (0 ms total)

[----------] Global test environment tear-down
[==========] 1 test from 1 test suite ran. (0 ms total)
[  PASSED  ] 1 test.
<end of output>
Test time =   0.01 sec
----------------------------------------------------------
Test Passed.
"ArenaTest.OldAllocsStableAfterPageGrowth" end time: May 09 05:32 Корейское время (зима)
"ArenaTest.OldAllocsStableAfterPageGrowth" time elapsed: 00:00:00
----------------------------------------------------------

27/88 Testing: ArenaEntryTest.LexicographicComparisonWorks
27/88 Test: ArenaEntryTest.LexicographicComparisonWorks
Command: "C:/Users/user/KVDB/build/Debug/arena_test.exe" "--gtest_filter=ArenaEntryTest.LexicographicComparisonWorks" "--gtest_also_run_disabled_tests"
Directory: C:/Users/user/KVDB/build
"ArenaEntryTest.LexicographicComparisonWorks" start time: May 09 05:32 Корейское время (зима)
Output:
----------------------------------------------------------
Running main() from C:\Users\user\KVDB\build\_deps\googletest-src\googletest\src\gtest_main.cc
Note: Google Test filter = ArenaEntryTest.LexicographicComparisonWorks
[==========] Running 1 test from 1 test suite.
[----------] Global test environment set-up.
[----------] 1 test from ArenaEntryTest
[ RUN      ] ArenaEntryTest.LexicographicComparisonWorks
[       OK ] ArenaEntryTest.LexicographicComparisonWorks (0 ms)
[----------] 1 test from ArenaEntryTest (0 ms total)

[----------] Global test environment tear-down
[==========] 1 test from 1 test suite ran. (0 ms total)
[  PASSED  ] 1 test.
<end of output>
Test time =   0.01 sec
----------------------------------------------------------
Test Passed.
"ArenaEntryTest.LexicographicComparisonWorks" end time: May 09 05:32 Корейское время (зима)
"ArenaEntryTest.LexicographicComparisonWorks" time elapsed: 00:00:00
----------------------------------------------------------

28/88 Testing: ArenaEntryTest.ShorterPrefixIsSmaller
28/88 Test: ArenaEntryTest.ShorterPrefixIsSmaller
Command: "C:/Users/user/KVDB/build/Debug/arena_test.exe" "--gtest_filter=ArenaEntryTest.ShorterPrefixIsSmaller" "--gtest_also_run_disabled_tests"
Directory: C:/Users/user/KVDB/build
"ArenaEntryTest.ShorterPrefixIsSmaller" start time: May 09 05:32 Корейское время (зима)
Output:
----------------------------------------------------------
Running main() from C:\Users\user\KVDB\build\_deps\googletest-src\googletest\src\gtest_main.cc
Note: Google Test filter = ArenaEntryTest.ShorterPrefixIsSmaller
[==========] Running 1 test from 1 test suite.
[----------] Global test environment set-up.
[----------] 1 test from ArenaEntryTest
[ RUN      ] ArenaEntryTest.ShorterPrefixIsSmaller
[       OK ] ArenaEntryTest.ShorterPrefixIsSmaller (0 ms)
[----------] 1 test from ArenaEntryTest (0 ms total)

[----------] Global test environment tear-down
[==========] 1 test from 1 test suite ran. (0 ms total)
[  PASSED  ] 1 test.
<end of output>
Test time =   0.01 sec
----------------------------------------------------------
Test Passed.
"ArenaEntryTest.ShorterPrefixIsSmaller" end time: May 09 05:32 Корейское время (зима)
"ArenaEntryTest.ShorterPrefixIsSmaller" time elapsed: 00:00:00
----------------------------------------------------------

29/88 Testing: ArenaEntryTest.BinaryDataComparisonWorks
29/88 Test: ArenaEntryTest.BinaryDataComparisonWorks
Command: "C:/Users/user/KVDB/build/Debug/arena_test.exe" "--gtest_filter=ArenaEntryTest.BinaryDataComparisonWorks" "--gtest_also_run_disabled_tests"
Directory: C:/Users/user/KVDB/build
"ArenaEntryTest.BinaryDataComparisonWorks" start time: May 09 05:32 Корейское время (зима)
Output:
----------------------------------------------------------
Running main() from C:\Users\user\KVDB\build\_deps\googletest-src\googletest\src\gtest_main.cc
Note: Google Test filter = ArenaEntryTest.BinaryDataComparisonWorks
[==========] Running 1 test from 1 test suite.
[----------] Global test environment set-up.
[----------] 1 test from ArenaEntryTest
[ RUN      ] ArenaEntryTest.BinaryDataComparisonWorks
[       OK ] ArenaEntryTest.BinaryDataComparisonWorks (0 ms)
[----------] 1 test from ArenaEntryTest (0 ms total)

[----------] Global test environment tear-down
[==========] 1 test from 1 test suite ran. (0 ms total)
[  PASSED  ] 1 test.
<end of output>
Test time =   0.01 sec
----------------------------------------------------------
Test Passed.
"ArenaEntryTest.BinaryDataComparisonWorks" end time: May 09 05:32 Корейское время (зима)
"ArenaEntryTest.BinaryDataComparisonWorks" time elapsed: 00:00:00
----------------------------------------------------------

30/88 Testing: ArenaEntryTest.DefaultConstructorCreatesEmptyEntry
30/88 Test: ArenaEntryTest.DefaultConstructorCreatesEmptyEntry
Command: "C:/Users/user/KVDB/build/Debug/arena_test.exe" "--gtest_filter=ArenaEntryTest.DefaultConstructorCreatesEmptyEntry" "--gtest_also_run_disabled_tests"
Directory: C:/Users/user/KVDB/build
"ArenaEntryTest.DefaultConstructorCreatesEmptyEntry" start time: May 09 05:32 Корейское время (зима)
Output:
----------------------------------------------------------
Running main() from C:\Users\user\KVDB\build\_deps\googletest-src\googletest\src\gtest_main.cc
Note: Google Test filter = ArenaEntryTest.DefaultConstructorCreatesEmptyEntry
[==========] Running 1 test from 1 test suite.
[----------] Global test environment set-up.
[----------] 1 test from ArenaEntryTest
[ RUN      ] ArenaEntryTest.DefaultConstructorCreatesEmptyEntry
[       OK ] ArenaEntryTest.DefaultConstructorCreatesEmptyEntry (0 ms)
[----------] 1 test from ArenaEntryTest (0 ms total)

[----------] Global test environment tear-down
[==========] 1 test from 1 test suite ran. (0 ms total)
[  PASSED  ] 1 test.
<end of output>
Test time =   0.01 sec
----------------------------------------------------------
Test Passed.
"ArenaEntryTest.DefaultConstructorCreatesEmptyEntry" end time: May 09 05:32 Корейское время (зима)
"ArenaEntryTest.DefaultConstructorCreatesEmptyEntry" time elapsed: 00:00:00
----------------------------------------------------------

31/88 Testing: ArenaEntryTest.ConstructorStoresPointerAndSize
31/88 Test: ArenaEntryTest.ConstructorStoresPointerAndSize
Command: "C:/Users/user/KVDB/build/Debug/arena_test.exe" "--gtest_filter=ArenaEntryTest.ConstructorStoresPointerAndSize" "--gtest_also_run_disabled_tests"
Directory: C:/Users/user/KVDB/build
"ArenaEntryTest.ConstructorStoresPointerAndSize" start time: May 09 05:32 Корейское время (зима)
Output:
----------------------------------------------------------
Running main() from C:\Users\user\KVDB\build\_deps\googletest-src\googletest\src\gtest_main.cc
Note: Google Test filter = ArenaEntryTest.ConstructorStoresPointerAndSize
[==========] Running 1 test from 1 test suite.
[----------] Global test environment set-up.
[----------] 1 test from ArenaEntryTest
[ RUN      ] ArenaEntryTest.ConstructorStoresPointerAndSize
[       OK ] ArenaEntryTest.ConstructorStoresPointerAndSize (0 ms)
[----------] 1 test from ArenaEntryTest (0 ms total)

[----------] Global test environment tear-down
[==========] 1 test from 1 test suite ran. (0 ms total)
[  PASSED  ] 1 test.
<end of output>
Test time =   0.01 sec
----------------------------------------------------------
Test Passed.
"ArenaEntryTest.ConstructorStoresPointerAndSize" end time: May 09 05:32 Корейское время (зима)
"ArenaEntryTest.ConstructorStoresPointerAndSize" time elapsed: 00:00:00
----------------------------------------------------------

32/88 Testing: ArenaEntryTest.EmptyEntriesAreEqual
32/88 Test: ArenaEntryTest.EmptyEntriesAreEqual
Command: "C:/Users/user/KVDB/build/Debug/arena_test.exe" "--gtest_filter=ArenaEntryTest.EmptyEntriesAreEqual" "--gtest_also_run_disabled_tests"
Directory: C:/Users/user/KVDB/build
"ArenaEntryTest.EmptyEntriesAreEqual" start time: May 09 05:32 Корейское время (зима)
Output:
----------------------------------------------------------
Running main() from C:\Users\user\KVDB\build\_deps\googletest-src\googletest\src\gtest_main.cc
Note: Google Test filter = ArenaEntryTest.EmptyEntriesAreEqual
[==========] Running 1 test from 1 test suite.
[----------] Global test environment set-up.
[----------] 1 test from ArenaEntryTest
[ RUN      ] ArenaEntryTest.EmptyEntriesAreEqual
[       OK ] ArenaEntryTest.EmptyEntriesAreEqual (0 ms)
[----------] 1 test from ArenaEntryTest (0 ms total)

[----------] Global test environment tear-down
[==========] 1 test from 1 test suite ran. (0 ms total)
[  PASSED  ] 1 test.
<end of output>
Test time =   0.01 sec
----------------------------------------------------------
Test Passed.
"ArenaEntryTest.EmptyEntriesAreEqual" end time: May 09 05:32 Корейское время (зима)
"ArenaEntryTest.EmptyEntriesAreEqual" time elapsed: 00:00:00
----------------------------------------------------------

33/88 Testing: ArenaEntryTest.EqualBytesAreEqual
33/88 Test: ArenaEntryTest.EqualBytesAreEqual
Command: "C:/Users/user/KVDB/build/Debug/arena_test.exe" "--gtest_filter=ArenaEntryTest.EqualBytesAreEqual" "--gtest_also_run_disabled_tests"
Directory: C:/Users/user/KVDB/build
"ArenaEntryTest.EqualBytesAreEqual" start time: May 09 05:32 Корейское время (зима)
Output:
----------------------------------------------------------
Running main() from C:\Users\user\KVDB\build\_deps\googletest-src\googletest\src\gtest_main.cc
Note: Google Test filter = ArenaEntryTest.EqualBytesAreEqual
[==========] Running 1 test from 1 test suite.
[----------] Global test environment set-up.
[----------] 1 test from ArenaEntryTest
[ RUN      ] ArenaEntryTest.EqualBytesAreEqual
[       OK ] ArenaEntryTest.EqualBytesAreEqual (0 ms)
[----------] 1 test from ArenaEntryTest (0 ms total)

[----------] Global test environment tear-down
[==========] 1 test from 1 test suite ran. (0 ms total)
[  PASSED  ] 1 test.
<end of output>
Test time =   0.01 sec
----------------------------------------------------------
Test Passed.
"ArenaEntryTest.EqualBytesAreEqual" end time: May 09 05:32 Корейское время (зима)
"ArenaEntryTest.EqualBytesAreEqual" time elapsed: 00:00:00
----------------------------------------------------------

34/88 Testing: ArenaEntryTest.DifferentBytesAreNotEqual
34/88 Test: ArenaEntryTest.DifferentBytesAreNotEqual
Command: "C:/Users/user/KVDB/build/Debug/arena_test.exe" "--gtest_filter=ArenaEntryTest.DifferentBytesAreNotEqual" "--gtest_also_run_disabled_tests"
Directory: C:/Users/user/KVDB/build
"ArenaEntryTest.DifferentBytesAreNotEqual" start time: May 09 05:32 Корейское время (зима)
Output:
----------------------------------------------------------
Running main() from C:\Users\user\KVDB\build\_deps\googletest-src\googletest\src\gtest_main.cc
Note: Google Test filter = ArenaEntryTest.DifferentBytesAreNotEqual
[==========] Running 1 test from 1 test suite.
[----------] Global test environment set-up.
[----------] 1 test from ArenaEntryTest
[ RUN      ] ArenaEntryTest.DifferentBytesAreNotEqual
[       OK ] ArenaEntryTest.DifferentBytesAreNotEqual (0 ms)
[----------] 1 test from ArenaEntryTest (0 ms total)

[----------] Global test environment tear-down
[==========] 1 test from 1 test suite ran. (0 ms total)
[  PASSED  ] 1 test.
<end of output>
Test time =   0.01 sec
----------------------------------------------------------
Test Passed.
"ArenaEntryTest.DifferentBytesAreNotEqual" end time: May 09 05:32 Корейское время (зима)
"ArenaEntryTest.DifferentBytesAreNotEqual" time elapsed: 00:00:00
----------------------------------------------------------

35/88 Testing: ArenaEntryTest.LexicographicLessWorks
35/88 Test: ArenaEntryTest.LexicographicLessWorks
Command: "C:/Users/user/KVDB/build/Debug/arena_test.exe" "--gtest_filter=ArenaEntryTest.LexicographicLessWorks" "--gtest_also_run_disabled_tests"
Directory: C:/Users/user/KVDB/build
"ArenaEntryTest.LexicographicLessWorks" start time: May 09 05:32 Корейское время (зима)
Output:
----------------------------------------------------------
Running main() from C:\Users\user\KVDB\build\_deps\googletest-src\googletest\src\gtest_main.cc
Note: Google Test filter = ArenaEntryTest.LexicographicLessWorks
[==========] Running 1 test from 1 test suite.
[----------] Global test environment set-up.
[----------] 1 test from ArenaEntryTest
[ RUN      ] ArenaEntryTest.LexicographicLessWorks
[       OK ] ArenaEntryTest.LexicographicLessWorks (0 ms)
[----------] 1 test from ArenaEntryTest (0 ms total)

[----------] Global test environment tear-down
[==========] 1 test from 1 test suite ran. (0 ms total)
[  PASSED  ] 1 test.
<end of output>
Test time =   0.01 sec
----------------------------------------------------------
Test Passed.
"ArenaEntryTest.LexicographicLessWorks" end time: May 09 05:32 Корейское время (зима)
"ArenaEntryTest.LexicographicLessWorks" time elapsed: 00:00:00
----------------------------------------------------------

36/88 Testing: ArenaEntryTest.PrefixShorterStringIsLess
36/88 Test: ArenaEntryTest.PrefixShorterStringIsLess
Command: "C:/Users/user/KVDB/build/Debug/arena_test.exe" "--gtest_filter=ArenaEntryTest.PrefixShorterStringIsLess" "--gtest_also_run_disabled_tests"
Directory: C:/Users/user/KVDB/build
"ArenaEntryTest.PrefixShorterStringIsLess" start time: May 09 05:32 Корейское время (зима)
Output:
----------------------------------------------------------
Running main() from C:\Users\user\KVDB\build\_deps\googletest-src\googletest\src\gtest_main.cc
Note: Google Test filter = ArenaEntryTest.PrefixShorterStringIsLess
[==========] Running 1 test from 1 test suite.
[----------] Global test environment set-up.
[----------] 1 test from ArenaEntryTest
[ RUN      ] ArenaEntryTest.PrefixShorterStringIsLess
[       OK ] ArenaEntryTest.PrefixShorterStringIsLess (0 ms)
[----------] 1 test from ArenaEntryTest (0 ms total)

[----------] Global test environment tear-down
[==========] 1 test from 1 test suite ran. (0 ms total)
[  PASSED  ] 1 test.
<end of output>
Test time =   0.01 sec
----------------------------------------------------------
Test Passed.
"ArenaEntryTest.PrefixShorterStringIsLess" end time: May 09 05:32 Корейское время (зима)
"ArenaEntryTest.PrefixShorterStringIsLess" time elapsed: 00:00:00
----------------------------------------------------------

37/88 Testing: ArenaEntryTest.EmptyEntryIsLessThanNonEmptyEntry
37/88 Test: ArenaEntryTest.EmptyEntryIsLessThanNonEmptyEntry
Command: "C:/Users/user/KVDB/build/Debug/arena_test.exe" "--gtest_filter=ArenaEntryTest.EmptyEntryIsLessThanNonEmptyEntry" "--gtest_also_run_disabled_tests"
Directory: C:/Users/user/KVDB/build
"ArenaEntryTest.EmptyEntryIsLessThanNonEmptyEntry" start time: May 09 05:32 Корейское время (зима)
Output:
----------------------------------------------------------
Running main() from C:\Users\user\KVDB\build\_deps\googletest-src\googletest\src\gtest_main.cc
Note: Google Test filter = ArenaEntryTest.EmptyEntryIsLessThanNonEmptyEntry
[==========] Running 1 test from 1 test suite.
[----------] Global test environment set-up.
[----------] 1 test from ArenaEntryTest
[ RUN      ] ArenaEntryTest.EmptyEntryIsLessThanNonEmptyEntry
[       OK ] ArenaEntryTest.EmptyEntryIsLessThanNonEmptyEntry (0 ms)
[----------] 1 test from ArenaEntryTest (0 ms total)

[----------] Global test environment tear-down
[==========] 1 test from 1 test suite ran. (0 ms total)
[  PASSED  ] 1 test.
<end of output>
Test time =   0.01 sec
----------------------------------------------------------
Test Passed.
"ArenaEntryTest.EmptyEntryIsLessThanNonEmptyEntry" end time: May 09 05:32 Корейское время (зима)
"ArenaEntryTest.EmptyEntryIsLessThanNonEmptyEntry" time elapsed: 00:00:00
----------------------------------------------------------

38/88 Testing: ArenaEntryTest.MakeEntryCopiesStringDataIntoArena
38/88 Test: ArenaEntryTest.MakeEntryCopiesStringDataIntoArena
Command: "C:/Users/user/KVDB/build/Debug/arena_test.exe" "--gtest_filter=ArenaEntryTest.MakeEntryCopiesStringDataIntoArena" "--gtest_also_run_disabled_tests"
Directory: C:/Users/user/KVDB/build
"ArenaEntryTest.MakeEntryCopiesStringDataIntoArena" start time: May 09 05:32 Корейское время (зима)
Output:
----------------------------------------------------------
Running main() from C:\Users\user\KVDB\build\_deps\googletest-src\googletest\src\gtest_main.cc
Note: Google Test filter = ArenaEntryTest.MakeEntryCopiesStringDataIntoArena
[==========] Running 1 test from 1 test suite.
[----------] Global test environment set-up.
[----------] 1 test from ArenaEntryTest
[ RUN      ] ArenaEntryTest.MakeEntryCopiesStringDataIntoArena
[       OK ] ArenaEntryTest.MakeEntryCopiesStringDataIntoArena (0 ms)
[----------] 1 test from ArenaEntryTest (0 ms total)

[----------] Global test environment tear-down
[==========] 1 test from 1 test suite ran. (0 ms total)
[  PASSED  ] 1 test.
<end of output>
Test time =   0.01 sec
----------------------------------------------------------
Test Passed.
"ArenaEntryTest.MakeEntryCopiesStringDataIntoArena" end time: May 09 05:32 Корейское время (зима)
"ArenaEntryTest.MakeEntryCopiesStringDataIntoArena" time elapsed: 00:00:00
----------------------------------------------------------

39/88 Testing: ArenaEntryTest.MakeEntrySupportsEmbeddedNullBytes
39/88 Test: ArenaEntryTest.MakeEntrySupportsEmbeddedNullBytes
Command: "C:/Users/user/KVDB/build/Debug/arena_test.exe" "--gtest_filter=ArenaEntryTest.MakeEntrySupportsEmbeddedNullBytes" "--gtest_also_run_disabled_tests"
Directory: C:/Users/user/KVDB/build
"ArenaEntryTest.MakeEntrySupportsEmbeddedNullBytes" start time: May 09 05:32 Корейское время (зима)
Output:
----------------------------------------------------------
Running main() from C:\Users\user\KVDB\build\_deps\googletest-src\googletest\src\gtest_main.cc
Note: Google Test filter = ArenaEntryTest.MakeEntrySupportsEmbeddedNullBytes
[==========] Running 1 test from 1 test suite.
[----------] Global test environment set-up.
[----------] 1 test from ArenaEntryTest
[ RUN      ] ArenaEntryTest.MakeEntrySupportsEmbeddedNullBytes
[       OK ] ArenaEntryTest.MakeEntrySupportsEmbeddedNullBytes (0 ms)
[----------] 1 test from ArenaEntryTest (0 ms total)

[----------] Global test environment tear-down
[==========] 1 test from 1 test suite ran. (0 ms total)
[  PASSED  ] 1 test.
<end of output>
Test time =   0.01 sec
----------------------------------------------------------
Test Passed.
"ArenaEntryTest.MakeEntrySupportsEmbeddedNullBytes" end time: May 09 05:32 Корейское время (зима)
"ArenaEntryTest.MakeEntrySupportsEmbeddedNullBytes" time elapsed: 00:00:00
----------------------------------------------------------

40/88 Testing: ArenaEntryTest.ArenaCopyBytesCopiesRawBytes
40/88 Test: ArenaEntryTest.ArenaCopyBytesCopiesRawBytes
Command: "C:/Users/user/KVDB/build/Debug/arena_test.exe" "--gtest_filter=ArenaEntryTest.ArenaCopyBytesCopiesRawBytes" "--gtest_also_run_disabled_tests"
Directory: C:/Users/user/KVDB/build
"ArenaEntryTest.ArenaCopyBytesCopiesRawBytes" start time: May 09 05:32 Корейское время (зима)
Output:
----------------------------------------------------------
Running main() from C:\Users\user\KVDB\build\_deps\googletest-src\googletest\src\gtest_main.cc
Note: Google Test filter = ArenaEntryTest.ArenaCopyBytesCopiesRawBytes
[==========] Running 1 test from 1 test suite.
[----------] Global test environment set-up.
[----------] 1 test from ArenaEntryTest
[ RUN      ] ArenaEntryTest.ArenaCopyBytesCopiesRawBytes
[       OK ] ArenaEntryTest.ArenaCopyBytesCopiesRawBytes (0 ms)
[----------] 1 test from ArenaEntryTest (0 ms total)

[----------] Global test environment tear-down
[==========] 1 test from 1 test suite ran. (0 ms total)
[  PASSED  ] 1 test.
<end of output>
Test time =   0.01 sec
----------------------------------------------------------
Test Passed.
"ArenaEntryTest.ArenaCopyBytesCopiesRawBytes" end time: May 09 05:32 Корейское время (зима)
"ArenaEntryTest.ArenaCopyBytesCopiesRawBytes" time elapsed: 00:00:00
----------------------------------------------------------

41/88 Testing: ArenaEntryTest.ArenaCopyBytesWithZeroSizeReturnsEmptyEntry
41/88 Test: ArenaEntryTest.ArenaCopyBytesWithZeroSizeReturnsEmptyEntry
Command: "C:/Users/user/KVDB/build/Debug/arena_test.exe" "--gtest_filter=ArenaEntryTest.ArenaCopyBytesWithZeroSizeReturnsEmptyEntry" "--gtest_also_run_disabled_tests"
Directory: C:/Users/user/KVDB/build
"ArenaEntryTest.ArenaCopyBytesWithZeroSizeReturnsEmptyEntry" start time: May 09 05:32 Корейское время (зима)
Output:
----------------------------------------------------------
Running main() from C:\Users\user\KVDB\build\_deps\googletest-src\googletest\src\gtest_main.cc
Note: Google Test filter = ArenaEntryTest.ArenaCopyBytesWithZeroSizeReturnsEmptyEntry
[==========] Running 1 test from 1 test suite.
[----------] Global test environment set-up.
[----------] 1 test from ArenaEntryTest
[ RUN      ] ArenaEntryTest.ArenaCopyBytesWithZeroSizeReturnsEmptyEntry
[       OK ] ArenaEntryTest.ArenaCopyBytesWithZeroSizeReturnsEmptyEntry (0 ms)
[----------] 1 test from ArenaEntryTest (0 ms total)

[----------] Global test environment tear-down
[==========] 1 test from 1 test suite ran. (0 ms total)
[  PASSED  ] 1 test.
<end of output>
Test time =   0.01 sec
----------------------------------------------------------
Test Passed.
"ArenaEntryTest.ArenaCopyBytesWithZeroSizeReturnsEmptyEntry" end time: May 09 05:32 Корейское время (зима)
"ArenaEntryTest.ArenaCopyBytesWithZeroSizeReturnsEmptyEntry" time elapsed: 00:00:00
----------------------------------------------------------

42/88 Testing: ArenaEntryTest.MoveConstructorTransfersPointerAndClearsSource
42/88 Test: ArenaEntryTest.MoveConstructorTransfersPointerAndClearsSource
Command: "C:/Users/user/KVDB/build/Debug/arena_test.exe" "--gtest_filter=ArenaEntryTest.MoveConstructorTransfersPointerAndClearsSource" "--gtest_also_run_disabled_tests"
Directory: C:/Users/user/KVDB/build
"ArenaEntryTest.MoveConstructorTransfersPointerAndClearsSource" start time: May 09 05:32 Корейское время (зима)
Output:
----------------------------------------------------------
Running main() from C:\Users\user\KVDB\build\_deps\googletest-src\googletest\src\gtest_main.cc
Note: Google Test filter = ArenaEntryTest.MoveConstructorTransfersPointerAndClearsSource
[==========] Running 1 test from 1 test suite.
[----------] Global test environment set-up.
[----------] 1 test from ArenaEntryTest
[ RUN      ] ArenaEntryTest.MoveConstructorTransfersPointerAndClearsSource
[       OK ] ArenaEntryTest.MoveConstructorTransfersPointerAndClearsSource (0 ms)
[----------] 1 test from ArenaEntryTest (0 ms total)

[----------] Global test environment tear-down
[==========] 1 test from 1 test suite ran. (0 ms total)
[  PASSED  ] 1 test.
<end of output>
Test time =   0.01 sec
----------------------------------------------------------
Test Passed.
"ArenaEntryTest.MoveConstructorTransfersPointerAndClearsSource" end time: May 09 05:32 Корейское время (зима)
"ArenaEntryTest.MoveConstructorTransfersPointerAndClearsSource" time elapsed: 00:00:00
----------------------------------------------------------

43/88 Testing: ArenaEntryTest.MoveAssignmentTransfersPointerAndClearsSource
43/88 Test: ArenaEntryTest.MoveAssignmentTransfersPointerAndClearsSource
Command: "C:/Users/user/KVDB/build/Debug/arena_test.exe" "--gtest_filter=ArenaEntryTest.MoveAssignmentTransfersPointerAndClearsSource" "--gtest_also_run_disabled_tests"
Directory: C:/Users/user/KVDB/build
"ArenaEntryTest.MoveAssignmentTransfersPointerAndClearsSource" start time: May 09 05:32 Корейское время (зима)
Output:
----------------------------------------------------------
Running main() from C:\Users\user\KVDB\build\_deps\googletest-src\googletest\src\gtest_main.cc
Note: Google Test filter = ArenaEntryTest.MoveAssignmentTransfersPointerAndClearsSource
[==========] Running 1 test from 1 test suite.
[----------] Global test environment set-up.
[----------] 1 test from ArenaEntryTest
[ RUN      ] ArenaEntryTest.MoveAssignmentTransfersPointerAndClearsSource
[       OK ] ArenaEntryTest.MoveAssignmentTransfersPointerAndClearsSource (0 ms)
[----------] 1 test from ArenaEntryTest (0 ms total)

[----------] Global test environment tear-down
[==========] 1 test from 1 test suite ran. (0 ms total)
[  PASSED  ] 1 test.
<end of output>
Test time =   0.01 sec
----------------------------------------------------------
Test Passed.
"ArenaEntryTest.MoveAssignmentTransfersPointerAndClearsSource" end time: May 09 05:32 Корейское время (зима)
"ArenaEntryTest.MoveAssignmentTransfersPointerAndClearsSource" time elapsed: 00:00:00
----------------------------------------------------------

44/88 Testing: ArenaEntryTest.SelfMoveAssignmentDoesNotDestroyEntry
44/88 Test: ArenaEntryTest.SelfMoveAssignmentDoesNotDestroyEntry
Command: "C:/Users/user/KVDB/build/Debug/arena_test.exe" "--gtest_filter=ArenaEntryTest.SelfMoveAssignmentDoesNotDestroyEntry" "--gtest_also_run_disabled_tests"
Directory: C:/Users/user/KVDB/build
"ArenaEntryTest.SelfMoveAssignmentDoesNotDestroyEntry" start time: May 09 05:32 Корейское время (зима)
Output:
----------------------------------------------------------
Running main() from C:\Users\user\KVDB\build\_deps\googletest-src\googletest\src\gtest_main.cc
Note: Google Test filter = ArenaEntryTest.SelfMoveAssignmentDoesNotDestroyEntry
[==========] Running 1 test from 1 test suite.
[----------] Global test environment set-up.
[----------] 1 test from ArenaEntryTest
[ RUN      ] ArenaEntryTest.SelfMoveAssignmentDoesNotDestroyEntry
[       OK ] ArenaEntryTest.SelfMoveAssignmentDoesNotDestroyEntry (0 ms)
[----------] 1 test from ArenaEntryTest (0 ms total)

[----------] Global test environment tear-down
[==========] 1 test from 1 test suite ran. (0 ms total)
[  PASSED  ] 1 test.
<end of output>
Test time =   0.01 sec
----------------------------------------------------------
Test Passed.
"ArenaEntryTest.SelfMoveAssignmentDoesNotDestroyEntry" end time: May 09 05:32 Корейское время (зима)
"ArenaEntryTest.SelfMoveAssignmentDoesNotDestroyEntry" time elapsed: 00:00:00
----------------------------------------------------------

45/88 Testing: ArenaEntryTest.CopyAssignmentIsShallowHandleCopy
45/88 Test: ArenaEntryTest.CopyAssignmentIsShallowHandleCopy
Command: "C:/Users/user/KVDB/build/Debug/arena_test.exe" "--gtest_filter=ArenaEntryTest.CopyAssignmentIsShallowHandleCopy" "--gtest_also_run_disabled_tests"
Directory: C:/Users/user/KVDB/build
"ArenaEntryTest.CopyAssignmentIsShallowHandleCopy" start time: May 09 05:32 Корейское время (зима)
Output:
----------------------------------------------------------
Running main() from C:\Users\user\KVDB\build\_deps\googletest-src\googletest\src\gtest_main.cc
Note: Google Test filter = ArenaEntryTest.CopyAssignmentIsShallowHandleCopy
[==========] Running 1 test from 1 test suite.
[----------] Global test environment set-up.
[----------] 1 test from ArenaEntryTest
[ RUN      ] ArenaEntryTest.CopyAssignmentIsShallowHandleCopy
[       OK ] ArenaEntryTest.CopyAssignmentIsShallowHandleCopy (0 ms)
[----------] 1 test from ArenaEntryTest (0 ms total)

[----------] Global test environment tear-down
[==========] 1 test from 1 test suite ran. (0 ms total)
[  PASSED  ] 1 test.
<end of output>
Test time =   0.01 sec
----------------------------------------------------------
Test Passed.
"ArenaEntryTest.CopyAssignmentIsShallowHandleCopy" end time: May 09 05:32 Корейское время (зима)
"ArenaEntryTest.CopyAssignmentIsShallowHandleCopy" time elapsed: 00:00:00
----------------------------------------------------------

46/88 Testing: ArenaEntryTest.SortsLexicographically
46/88 Test: ArenaEntryTest.SortsLexicographically
Command: "C:/Users/user/KVDB/build/Debug/arena_test.exe" "--gtest_filter=ArenaEntryTest.SortsLexicographically" "--gtest_also_run_disabled_tests"
Directory: C:/Users/user/KVDB/build
"ArenaEntryTest.SortsLexicographically" start time: May 09 05:32 Корейское время (зима)
Output:
----------------------------------------------------------
Running main() from C:\Users\user\KVDB\build\_deps\googletest-src\googletest\src\gtest_main.cc
Note: Google Test filter = ArenaEntryTest.SortsLexicographically
[==========] Running 1 test from 1 test suite.
[----------] Global test environment set-up.
[----------] 1 test from ArenaEntryTest
[ RUN      ] ArenaEntryTest.SortsLexicographically
[       OK ] ArenaEntryTest.SortsLexicographically (0 ms)
[----------] 1 test from ArenaEntryTest (0 ms total)

[----------] Global test environment tear-down
[==========] 1 test from 1 test suite ran. (0 ms total)
[  PASSED  ] 1 test.
<end of output>
Test time =   0.01 sec
----------------------------------------------------------
Test Passed.
"ArenaEntryTest.SortsLexicographically" end time: May 09 05:32 Корейское время (зима)
"ArenaEntryTest.SortsLexicographically" time elapsed: 00:00:00
----------------------------------------------------------

47/88 Testing: RBTreeTest.EmptyTree
47/88 Test: RBTreeTest.EmptyTree
Command: "C:/Users/user/KVDB/build/Debug/red_black_tree_test.exe" "--gtest_filter=RBTreeTest.EmptyTree" "--gtest_also_run_disabled_tests"
Directory: C:/Users/user/KVDB/build
"RBTreeTest.EmptyTree" start time: May 09 05:32 Корейское время (зима)
Output:
----------------------------------------------------------
Running main() from C:\Users\user\KVDB\build\_deps\googletest-src\googletest\src\gtest_main.cc
Note: Google Test filter = RBTreeTest.EmptyTree
[==========] Running 1 test from 1 test suite.
[----------] Global test environment set-up.
[----------] 1 test from RBTreeTest
[ RUN      ] RBTreeTest.EmptyTree
[       OK ] RBTreeTest.EmptyTree (0 ms)
[----------] 1 test from RBTreeTest (0 ms total)

[----------] Global test environment tear-down
[==========] 1 test from 1 test suite ran. (0 ms total)
[  PASSED  ] 1 test.
<end of output>
Test time =   0.01 sec
----------------------------------------------------------
Test Passed.
"RBTreeTest.EmptyTree" end time: May 09 05:32 Корейское время (зима)
"RBTreeTest.EmptyTree" time elapsed: 00:00:00
----------------------------------------------------------

48/88 Testing: RBTreeTest.OrderingWithManyEntries
48/88 Test: RBTreeTest.OrderingWithManyEntries
Command: "C:/Users/user/KVDB/build/Debug/red_black_tree_test.exe" "--gtest_filter=RBTreeTest.OrderingWithManyEntries" "--gtest_also_run_disabled_tests"
Directory: C:/Users/user/KVDB/build
"RBTreeTest.OrderingWithManyEntries" start time: May 09 05:32 Корейское время (зима)
Output:
----------------------------------------------------------
Running main() from C:\Users\user\KVDB\build\_deps\googletest-src\googletest\src\gtest_main.cc
Note: Google Test filter = RBTreeTest.OrderingWithManyEntries
[==========] Running 1 test from 1 test suite.
[----------] Global test environment set-up.
[----------] 1 test from RBTreeTest
[ RUN      ] RBTreeTest.OrderingWithManyEntries
[       OK ] RBTreeTest.OrderingWithManyEntries (0 ms)
[----------] 1 test from RBTreeTest (0 ms total)

[----------] Global test environment tear-down
[==========] 1 test from 1 test suite ran. (0 ms total)
[  PASSED  ] 1 test.
<end of output>
Test time =   0.01 sec
----------------------------------------------------------
Test Passed.
"RBTreeTest.OrderingWithManyEntries" end time: May 09 05:32 Корейское время (зима)
"RBTreeTest.OrderingWithManyEntries" time elapsed: 00:00:00
----------------------------------------------------------

49/88 Testing: RBTreeTest.LatestSequenceWins
49/88 Test: RBTreeTest.LatestSequenceWins
Command: "C:/Users/user/KVDB/build/Debug/red_black_tree_test.exe" "--gtest_filter=RBTreeTest.LatestSequenceWins" "--gtest_also_run_disabled_tests"
Directory: C:/Users/user/KVDB/build
"RBTreeTest.LatestSequenceWins" start time: May 09 05:32 Корейское время (зима)
Output:
----------------------------------------------------------
Running main() from C:\Users\user\KVDB\build\_deps\googletest-src\googletest\src\gtest_main.cc
Note: Google Test filter = RBTreeTest.LatestSequenceWins
[==========] Running 1 test from 1 test suite.
[----------] Global test environment set-up.
[----------] 1 test from RBTreeTest
[ RUN      ] RBTreeTest.LatestSequenceWins
[       OK ] RBTreeTest.LatestSequenceWins (0 ms)
[----------] 1 test from RBTreeTest (0 ms total)

[----------] Global test environment tear-down
[==========] 1 test from 1 test suite ran. (0 ms total)
[  PASSED  ] 1 test.
<end of output>
Test time =   0.01 sec
----------------------------------------------------------
Test Passed.
"RBTreeTest.LatestSequenceWins" end time: May 09 05:32 Корейское время (зима)
"RBTreeTest.LatestSequenceWins" time elapsed: 00:00:00
----------------------------------------------------------

50/88 Testing: RBTreeTest.RejectDuplicates
50/88 Test: RBTreeTest.RejectDuplicates
Command: "C:/Users/user/KVDB/build/Debug/red_black_tree_test.exe" "--gtest_filter=RBTreeTest.RejectDuplicates" "--gtest_also_run_disabled_tests"
Directory: C:/Users/user/KVDB/build
"RBTreeTest.RejectDuplicates" start time: May 09 05:32 Корейское время (зима)
Output:
----------------------------------------------------------
Running main() from C:\Users\user\KVDB\build\_deps\googletest-src\googletest\src\gtest_main.cc
Note: Google Test filter = RBTreeTest.RejectDuplicates
[==========] Running 1 test from 1 test suite.
[----------] Global test environment set-up.
[----------] 1 test from RBTreeTest
[ RUN      ] RBTreeTest.RejectDuplicates
[       OK ] RBTreeTest.RejectDuplicates (0 ms)
[----------] 1 test from RBTreeTest (0 ms total)

[----------] Global test environment tear-down
[==========] 1 test from 1 test suite ran. (0 ms total)
[  PASSED  ] 1 test.
<end of output>
Test time =   0.01 sec
----------------------------------------------------------
Test Passed.
"RBTreeTest.RejectDuplicates" end time: May 09 05:32 Корейское время (зима)
"RBTreeTest.RejectDuplicates" time elapsed: 00:00:00
----------------------------------------------------------

51/88 Testing: RBTreeTest.TombstoneBeatsOlderPut
51/88 Test: RBTreeTest.TombstoneBeatsOlderPut
Command: "C:/Users/user/KVDB/build/Debug/red_black_tree_test.exe" "--gtest_filter=RBTreeTest.TombstoneBeatsOlderPut" "--gtest_also_run_disabled_tests"
Directory: C:/Users/user/KVDB/build
"RBTreeTest.TombstoneBeatsOlderPut" start time: May 09 05:32 Корейское время (зима)
Output:
----------------------------------------------------------
Running main() from C:\Users\user\KVDB\build\_deps\googletest-src\googletest\src\gtest_main.cc
Note: Google Test filter = RBTreeTest.TombstoneBeatsOlderPut
[==========] Running 1 test from 1 test suite.
[----------] Global test environment set-up.
[----------] 1 test from RBTreeTest
[ RUN      ] RBTreeTest.TombstoneBeatsOlderPut
[       OK ] RBTreeTest.TombstoneBeatsOlderPut (0 ms)
[----------] 1 test from RBTreeTest (0 ms total)

[----------] Global test environment tear-down
[==========] 1 test from 1 test suite ran. (0 ms total)
[  PASSED  ] 1 test.
<end of output>
Test time =   0.01 sec
----------------------------------------------------------
Test Passed.
"RBTreeTest.TombstoneBeatsOlderPut" end time: May 09 05:32 Корейское время (зима)
"RBTreeTest.TombstoneBeatsOlderPut" time elapsed: 00:00:00
----------------------------------------------------------

52/88 Testing: RBTreeTest.InsertedKeyOutOfSequence
52/88 Test: RBTreeTest.InsertedKeyOutOfSequence
Command: "C:/Users/user/KVDB/build/Debug/red_black_tree_test.exe" "--gtest_filter=RBTreeTest.InsertedKeyOutOfSequence" "--gtest_also_run_disabled_tests"
Directory: C:/Users/user/KVDB/build
"RBTreeTest.InsertedKeyOutOfSequence" start time: May 09 05:32 Корейское время (зима)
Output:
----------------------------------------------------------
Running main() from C:\Users\user\KVDB\build\_deps\googletest-src\googletest\src\gtest_main.cc
Note: Google Test filter = RBTreeTest.InsertedKeyOutOfSequence
[==========] Running 1 test from 1 test suite.
[----------] Global test environment set-up.
[----------] 1 test from RBTreeTest
[ RUN      ] RBTreeTest.InsertedKeyOutOfSequence
[       OK ] RBTreeTest.InsertedKeyOutOfSequence (0 ms)
[----------] 1 test from RBTreeTest (0 ms total)

[----------] Global test environment tear-down
[==========] 1 test from 1 test suite ran. (0 ms total)
[  PASSED  ] 1 test.
<end of output>
Test time =   0.01 sec
----------------------------------------------------------
Test Passed.
"RBTreeTest.InsertedKeyOutOfSequence" end time: May 09 05:32 Корейское время (зима)
"RBTreeTest.InsertedKeyOutOfSequence" time elapsed: 00:00:00
----------------------------------------------------------

53/88 Testing: RBTreeTest.InsertSameKey
53/88 Test: RBTreeTest.InsertSameKey
Command: "C:/Users/user/KVDB/build/Debug/red_black_tree_test.exe" "--gtest_filter=RBTreeTest.InsertSameKey" "--gtest_also_run_disabled_tests"
Directory: C:/Users/user/KVDB/build
"RBTreeTest.InsertSameKey" start time: May 09 05:32 Корейское время (зима)
Output:
----------------------------------------------------------
Running main() from C:\Users\user\KVDB\build\_deps\googletest-src\googletest\src\gtest_main.cc
Note: Google Test filter = RBTreeTest.InsertSameKey
[==========] Running 1 test from 1 test suite.
[----------] Global test environment set-up.
[----------] 1 test from RBTreeTest
[ RUN      ] RBTreeTest.InsertSameKey
[       OK ] RBTreeTest.InsertSameKey (0 ms)
[----------] 1 test from RBTreeTest (0 ms total)

[----------] Global test environment tear-down
[==========] 1 test from 1 test suite ran. (0 ms total)
[  PASSED  ] 1 test.
<end of output>
Test time =   0.01 sec
----------------------------------------------------------
Test Passed.
"RBTreeTest.InsertSameKey" end time: May 09 05:32 Корейское время (зима)
"RBTreeTest.InsertSameKey" time elapsed: 00:00:00
----------------------------------------------------------

54/88 Testing: RBTreeTest.TreeInvariantsAfterManyWritesAscending
54/88 Test: RBTreeTest.TreeInvariantsAfterManyWritesAscending
Command: "C:/Users/user/KVDB/build/Debug/red_black_tree_test.exe" "--gtest_filter=RBTreeTest.TreeInvariantsAfterManyWritesAscending" "--gtest_also_run_disabled_tests"
Directory: C:/Users/user/KVDB/build
"RBTreeTest.TreeInvariantsAfterManyWritesAscending" start time: May 09 05:32 Корейское время (зима)
Output:
----------------------------------------------------------
Running main() from C:\Users\user\KVDB\build\_deps\googletest-src\googletest\src\gtest_main.cc
Note: Google Test filter = RBTreeTest.TreeInvariantsAfterManyWritesAscending
[==========] Running 1 test from 1 test suite.
[----------] Global test environment set-up.
[----------] 1 test from RBTreeTest
[ RUN      ] RBTreeTest.TreeInvariantsAfterManyWritesAscending
[       OK ] RBTreeTest.TreeInvariantsAfterManyWritesAscending (11603 ms)
[----------] 1 test from RBTreeTest (11603 ms total)

[----------] Global test environment tear-down
[==========] 1 test from 1 test suite ran. (11604 ms total)
[  PASSED  ] 1 test.
<end of output>
Test time =  11.62 sec
----------------------------------------------------------
Test Passed.
"RBTreeTest.TreeInvariantsAfterManyWritesAscending" end time: May 09 05:33 Корейское время (зима)
"RBTreeTest.TreeInvariantsAfterManyWritesAscending" time elapsed: 00:00:11
----------------------------------------------------------

55/88 Testing: RBTreeTest.TreeInvariantsAfterManyWritesDescending
55/88 Test: RBTreeTest.TreeInvariantsAfterManyWritesDescending
Command: "C:/Users/user/KVDB/build/Debug/red_black_tree_test.exe" "--gtest_filter=RBTreeTest.TreeInvariantsAfterManyWritesDescending" "--gtest_also_run_disabled_tests"
Directory: C:/Users/user/KVDB/build
"RBTreeTest.TreeInvariantsAfterManyWritesDescending" start time: May 09 05:33 Корейское время (зима)
Output:
----------------------------------------------------------
Running main() from C:\Users\user\KVDB\build\_deps\googletest-src\googletest\src\gtest_main.cc
Note: Google Test filter = RBTreeTest.TreeInvariantsAfterManyWritesDescending
[==========] Running 1 test from 1 test suite.
[----------] Global test environment set-up.
[----------] 1 test from RBTreeTest
[ RUN      ] RBTreeTest.TreeInvariantsAfterManyWritesDescending
[       OK ] RBTreeTest.TreeInvariantsAfterManyWritesDescending (120 ms)
[----------] 1 test from RBTreeTest (120 ms total)

[----------] Global test environment tear-down
[==========] 1 test from 1 test suite ran. (120 ms total)
[  PASSED  ] 1 test.
<end of output>
Test time =   0.13 sec
----------------------------------------------------------
Test Passed.
"RBTreeTest.TreeInvariantsAfterManyWritesDescending" end time: May 09 05:33 Корейское время (зима)
"RBTreeTest.TreeInvariantsAfterManyWritesDescending" time elapsed: 00:00:00
----------------------------------------------------------

56/88 Testing: RBTreeTest.TreeRandomInsert
56/88 Test: RBTreeTest.TreeRandomInsert
Command: "C:/Users/user/KVDB/build/Debug/red_black_tree_test.exe" "--gtest_filter=RBTreeTest.TreeRandomInsert" "--gtest_also_run_disabled_tests"
Directory: C:/Users/user/KVDB/build
"RBTreeTest.TreeRandomInsert" start time: May 09 05:33 Корейское время (зима)
Output:
----------------------------------------------------------
Running main() from C:\Users\user\KVDB\build\_deps\googletest-src\googletest\src\gtest_main.cc
Note: Google Test filter = RBTreeTest.TreeRandomInsert
[==========] Running 1 test from 1 test suite.
[----------] Global test environment set-up.
[----------] 1 test from RBTreeTest
[ RUN      ] RBTreeTest.TreeRandomInsert
[       OK ] RBTreeTest.TreeRandomInsert (11639 ms)
[----------] 1 test from RBTreeTest (11639 ms total)

[----------] Global test environment tear-down
[==========] 1 test from 1 test suite ran. (11640 ms total)
[  PASSED  ] 1 test.
<end of output>
Test time =  11.65 sec
----------------------------------------------------------
Test Passed.
"RBTreeTest.TreeRandomInsert" end time: May 09 05:33 Корейское время (зима)
"RBTreeTest.TreeRandomInsert" time elapsed: 00:00:11
----------------------------------------------------------

57/88 Testing: RBTreeTest.ApproximateMemoryUsage
57/88 Test: RBTreeTest.ApproximateMemoryUsage
Command: "C:/Users/user/KVDB/build/Debug/red_black_tree_test.exe" "--gtest_filter=RBTreeTest.ApproximateMemoryUsage" "--gtest_also_run_disabled_tests"
Directory: C:/Users/user/KVDB/build
"RBTreeTest.ApproximateMemoryUsage" start time: May 09 05:33 Корейское время (зима)
Output:
----------------------------------------------------------
Running main() from C:\Users\user\KVDB\build\_deps\googletest-src\googletest\src\gtest_main.cc
Note: Google Test filter = RBTreeTest.ApproximateMemoryUsage
[==========] Running 1 test from 1 test suite.
[----------] Global test environment set-up.
[----------] 1 test from RBTreeTest
[ RUN      ] RBTreeTest.ApproximateMemoryUsage
[       OK ] RBTreeTest.ApproximateMemoryUsage (0 ms)
[----------] 1 test from RBTreeTest (0 ms total)

[----------] Global test environment tear-down
[==========] 1 test from 1 test suite ran. (0 ms total)
[  PASSED  ] 1 test.
<end of output>
Test time =   0.01 sec
----------------------------------------------------------
Test Passed.
"RBTreeTest.ApproximateMemoryUsage" end time: May 09 05:33 Корейское время (зима)
"RBTreeTest.ApproximateMemoryUsage" time elapsed: 00:00:00
----------------------------------------------------------

58/88 Testing: RBTreeTest.UAndPAreRedBalancing
58/88 Test: RBTreeTest.UAndPAreRedBalancing
Command: "C:/Users/user/KVDB/build/Debug/red_black_tree_test.exe" "--gtest_filter=RBTreeTest.UAndPAreRedBalancing" "--gtest_also_run_disabled_tests"
Directory: C:/Users/user/KVDB/build
"RBTreeTest.UAndPAreRedBalancing" start time: May 09 05:33 Корейское время (зима)
Output:
----------------------------------------------------------
Running main() from C:\Users\user\KVDB\build\_deps\googletest-src\googletest\src\gtest_main.cc
Note: Google Test filter = RBTreeTest.UAndPAreRedBalancing
[==========] Running 1 test from 1 test suite.
[----------] Global test environment set-up.
[----------] 1 test from RBTreeTest
[ RUN      ] RBTreeTest.UAndPAreRedBalancing
[       OK ] RBTreeTest.UAndPAreRedBalancing (0 ms)
[----------] 1 test from RBTreeTest (0 ms total)

[----------] Global test environment tear-down
[==========] 1 test from 1 test suite ran. (0 ms total)
[  PASSED  ] 1 test.
<end of output>
Test time =   0.01 sec
----------------------------------------------------------
Test Passed.
[...]
Directory: C:/Users/user/KVDB/build
"EndianIOTest.PutU64LEWritesExpectedBytes" start time: May 09 05:33 Корейское время (зима)
Output:
----------------------------------------------------------
Running main() from C:\Users\user\KVDB\build\_deps\googletest-src\googletest\src\gtest_main.cc
Note: Google Test filter = EndianIOTest.PutU64LEWritesExpectedBytes
[==========] Running 1 test from 1 test suite.
[----------] Global test environment set-up.
[----------] 1 test from EndianIOTest
[ RUN      ] EndianIOTest.PutU64LEWritesExpectedBytes
[       OK ] EndianIOTest.PutU64LEWritesExpectedBytes (0 ms)
[----------] 1 test from EndianIOTest (0 ms total)

[----------] Global test environment tear-down
[==========] 1 test from 1 test suite ran. (0 ms total)
[  PASSED  ] 1 test.
<end of output>
Test time =   0.01 sec
----------------------------------------------------------
Test Passed.
"EndianIOTest.PutU64LEWritesExpectedBytes" end time: May 09 05:33 Корейское время (зима)
"EndianIOTest.PutU64LEWritesExpectedBytes" time elapsed: 00:00:00
----------------------------------------------------------

76/88 Testing: EndianIOTest.ReaderRoundTripsIntegersAndSizedBytes
76/88 Test: EndianIOTest.ReaderRoundTripsIntegersAndSizedBytes
Command: "C:/Users/user/KVDB/build/Debug/kvdb_endian_io_test.exe" "--gtest_filter=EndianIOTest.ReaderRoundTripsIntegersAndSizedBytes" "--gtest_also_run_disabled_tests"
Directory: C:/Users/user/KVDB/build
"EndianIOTest.ReaderRoundTripsIntegersAndSizedBytes" start time: May 09 05:33 Корейское время (зима)
Output:
----------------------------------------------------------
Running main() from C:\Users\user\KVDB\build\_deps\googletest-src\googletest\src\gtest_main.cc
Note: Google Test filter = EndianIOTest.ReaderRoundTripsIntegersAndSizedBytes
[==========] Running 1 test from 1 test suite.
[----------] Global test environment set-up.
[----------] 1 test from EndianIOTest
[ RUN      ] EndianIOTest.ReaderRoundTripsIntegersAndSizedBytes
[       OK ] EndianIOTest.ReaderRoundTripsIntegersAndSizedBytes (0 ms)
[----------] 1 test from EndianIOTest (0 ms total)

[----------] Global test environment tear-down
[==========] 1 test from 1 test suite ran. (0 ms total)
[  PASSED  ] 1 test.
<end of output>
Test time =   0.01 sec
----------------------------------------------------------
Test Passed.
"EndianIOTest.ReaderRoundTripsIntegersAndSizedBytes" end time: May 09 05:33 Корейское время (зима)
"EndianIOTest.ReaderRoundTripsIntegersAndSizedBytes" time elapsed: 00:00:00
----------------------------------------------------------

77/88 Testing: EndianIOTest.PutBytesWithU32SizeWritesSizeThenBytes
77/88 Test: EndianIOTest.PutBytesWithU32SizeWritesSizeThenBytes
Command: "C:/Users/user/KVDB/build/Debug/kvdb_endian_io_test.exe" "--gtest_filter=EndianIOTest.PutBytesWithU32SizeWritesSizeThenBytes" "--gtest_also_run_disabled_tests"
Directory: C:/Users/user/KVDB/build
"EndianIOTest.PutBytesWithU32SizeWritesSizeThenBytes" start time: May 09 05:33 Корейское время (зима)
Output:
----------------------------------------------------------
Running main() from C:\Users\user\KVDB\build\_deps\googletest-src\googletest\src\gtest_main.cc
Note: Google Test filter = EndianIOTest.PutBytesWithU32SizeWritesSizeThenBytes
[==========] Running 1 test from 1 test suite.
[----------] Global test environment set-up.
[----------] 1 test from EndianIOTest
[ RUN      ] EndianIOTest.PutBytesWithU32SizeWritesSizeThenBytes
[       OK ] EndianIOTest.PutBytesWithU32SizeWritesSizeThenBytes (0 ms)
[----------] 1 test from EndianIOTest (0 ms total)

[----------] Global test environment tear-down
[==========] 1 test from 1 test suite ran. (0 ms total)
[  PASSED  ] 1 test.
<end of output>
Test time =   0.01 sec
----------------------------------------------------------
Test Passed.
"EndianIOTest.PutBytesWithU32SizeWritesSizeThenBytes" end time: May 09 05:33 Корейское время (зима)
"EndianIOTest.PutBytesWithU32SizeWritesSizeThenBytes" time elapsed: 00:00:00
----------------------------------------------------------

78/88 Testing: EndianIOTest.ReaderReturnsNulloptWhenU32IsTruncated
78/88 Test: EndianIOTest.ReaderReturnsNulloptWhenU32IsTruncated
Command: "C:/Users/user/KVDB/build/Debug/kvdb_endian_io_test.exe" "--gtest_filter=EndianIOTest.ReaderReturnsNulloptWhenU32IsTruncated" "--gtest_also_run_disabled_tests"
Directory: C:/Users/user/KVDB/build
"EndianIOTest.ReaderReturnsNulloptWhenU32IsTruncated" start time: May 09 05:33 Корейское время (зима)
Output:
----------------------------------------------------------
Running main() from C:\Users\user\KVDB\build\_deps\googletest-src\googletest\src\gtest_main.cc
Note: Google Test filter = EndianIOTest.ReaderReturnsNulloptWhenU32IsTruncated
[==========] Running 1 test from 1 test suite.
[----------] Global test environment set-up.
[----------] 1 test from EndianIOTest
[ RUN      ] EndianIOTest.ReaderReturnsNulloptWhenU32IsTruncated
[       OK ] EndianIOTest.ReaderReturnsNulloptWhenU32IsTruncated (0 ms)
[----------] 1 test from EndianIOTest (0 ms total)

[----------] Global test environment tear-down
[==========] 1 test from 1 test suite ran. (0 ms total)
[  PASSED  ] 1 test.
<end of output>
Test time =   0.02 sec
----------------------------------------------------------
Test Passed.
"EndianIOTest.ReaderReturnsNulloptWhenU32IsTruncated" end time: May 09 05:33 Корейское время (зима)
"EndianIOTest.ReaderReturnsNulloptWhenU32IsTruncated" time elapsed: 00:00:00
----------------------------------------------------------

79/88 Testing: EndianIOTest.ReaderReturnsNulloptWhenSizedBytesAreTruncated
79/88 Test: EndianIOTest.ReaderReturnsNulloptWhenSizedBytesAreTruncated
Command: "C:/Users/user/KVDB/build/Debug/kvdb_endian_io_test.exe" "--gtest_filter=EndianIOTest.ReaderReturnsNulloptWhenSizedBytesAreTruncated" "--gtest_also_run_disabled_tests"
Directory: C:/Users/user/KVDB/build
"EndianIOTest.ReaderReturnsNulloptWhenSizedBytesAreTruncated" start time: May 09 05:33 Корейское время (зима)
Output:
----------------------------------------------------------
Running main() from C:\Users\user\KVDB\build\_deps\googletest-src\googletest\src\gtest_main.cc
Note: Google Test filter = EndianIOTest.ReaderReturnsNulloptWhenSizedBytesAreTruncated
[==========] Running 1 test from 1 test suite.
[----------] Global test environment set-up.
[----------] 1 test from EndianIOTest
[ RUN      ] EndianIOTest.ReaderReturnsNulloptWhenSizedBytesAreTruncated
[       OK ] EndianIOTest.ReaderReturnsNulloptWhenSizedBytesAreTruncated (0 ms)
[----------] 1 test from EndianIOTest (0 ms total)

[----------] Global test environment tear-down
[==========] 1 test from 1 test suite ran. (0 ms total)
[  PASSED  ] 1 test.
<end of output>
Test time =   0.01 sec
----------------------------------------------------------
Test Passed.
"EndianIOTest.ReaderReturnsNulloptWhenSizedBytesAreTruncated" end time: May 09 05:33 Корейское время (зима)
"EndianIOTest.ReaderReturnsNulloptWhenSizedBytesAreTruncated" time elapsed: 00:00:00
----------------------------------------------------------

80/88 Testing: EndianIOTest.ReaderHandlesEmptySizedBytes
80/88 Test: EndianIOTest.ReaderHandlesEmptySizedBytes
Command: "C:/Users/user/KVDB/build/Debug/kvdb_endian_io_test.exe" "--gtest_filter=EndianIOTest.ReaderHandlesEmptySizedBytes" "--gtest_also_run_disabled_tests"
Directory: C:/Users/user/KVDB/build
"EndianIOTest.ReaderHandlesEmptySizedBytes" start time: May 09 05:33 Корейское время (зима)
Output:
----------------------------------------------------------
Running main() from C:\Users\user\KVDB\build\_deps\googletest-src\googletest\src\gtest_main.cc
Note: Google Test filter = EndianIOTest.ReaderHandlesEmptySizedBytes
[==========] Running 1 test from 1 test suite.
[----------] Global test environment set-up.
[----------] 1 test from EndianIOTest
[ RUN      ] EndianIOTest.ReaderHandlesEmptySizedBytes
[       OK ] EndianIOTest.ReaderHandlesEmptySizedBytes (0 ms)
[----------] 1 test from EndianIOTest (0 ms total)

[----------] Global test environment tear-down
[==========] 1 test from 1 test suite ran. (0 ms total)
[  PASSED  ] 1 test.
<end of output>
Test time =   0.01 sec
----------------------------------------------------------
Test Passed.
"EndianIOTest.ReaderHandlesEmptySizedBytes" end time: May 09 05:33 Корейское время (зима)
"EndianIOTest.ReaderHandlesEmptySizedBytes" time elapsed: 00:00:00
----------------------------------------------------------

81/88 Testing: EndianIOTest.FileRoundTripsU32
81/88 Test: EndianIOTest.FileRoundTripsU32
Command: "C:/Users/user/KVDB/build/Debug/kvdb_endian_io_test.exe" "--gtest_filter=EndianIOTest.FileRoundTripsU32" "--gtest_also_run_disabled_tests"
Directory: C:/Users/user/KVDB/build
"EndianIOTest.FileRoundTripsU32" start time: May 09 05:33 Корейское время (зима)
Output:
----------------------------------------------------------
Running main() from C:\Users\user\KVDB\build\_deps\googletest-src\googletest\src\gtest_main.cc
Note: Google Test filter = EndianIOTest.FileRoundTripsU32
[==========] Running 1 test from 1 test suite.
[----------] Global test environment set-up.
[----------] 1 test from EndianIOTest
[ RUN      ] EndianIOTest.FileRoundTripsU32
[       OK ] EndianIOTest.FileRoundTripsU32 (0 ms)
[----------] 1 test from EndianIOTest (0 ms total)

[----------] Global test environment tear-down
[==========] 1 test from 1 test suite ran. (1 ms total)
[  PASSED  ] 1 test.
<end of output>
Test time =   0.01 sec
----------------------------------------------------------
Test Passed.
"EndianIOTest.FileRoundTripsU32" end time: May 09 05:33 Корейское время (зима)
"EndianIOTest.FileRoundTripsU32" time elapsed: 00:00:00
----------------------------------------------------------

82/88 Testing: InternalRecordIOTest.RoundTripsMultipleRecords
82/88 Test: InternalRecordIOTest.RoundTripsMultipleRecords
Command: "C:/Users/user/KVDB/build/Debug/kvdb_endian_io_test.exe" "--gtest_filter=InternalRecordIOTest.RoundTripsMultipleRecords" "--gtest_also_run_disabled_tests"
Directory: C:/Users/user/KVDB/build
"InternalRecordIOTest.RoundTripsMultipleRecords" start time: May 09 05:33 Корейское время (зима)
Output:
----------------------------------------------------------
Running main() from C:\Users\user\KVDB\build\_deps\googletest-src\googletest\src\gtest_main.cc
Note: Google Test filter = InternalRecordIOTest.RoundTripsMultipleRecords
[==========] Running 1 test from 1 test suite.
[----------] Global test environment set-up.
[----------] 1 test from InternalRecordIOTest
[ RUN      ] InternalRecordIOTest.RoundTripsMultipleRecords
[       OK ] InternalRecordIOTest.RoundTripsMultipleRecords (1 ms)
[----------] 1 test from InternalRecordIOTest (1 ms total)

[----------] Global test environment tear-down
[==========] 1 test from 1 test suite ran. (2 ms total)
[  PASSED  ] 1 test.
<end of output>
Test time =   0.01 sec
----------------------------------------------------------
Test Passed.
"InternalRecordIOTest.RoundTripsMultipleRecords" end time: May 09 05:33 Корейское время (зима)
"InternalRecordIOTest.RoundTripsMultipleRecords" time elapsed: 00:00:00
----------------------------------------------------------

83/88 Testing: InternalRecordIOTest.RoundTripsPutRecord
83/88 Test: InternalRecordIOTest.RoundTripsPutRecord
Command: "C:/Users/user/KVDB/build/Debug/kvdb_record_test.exe" "--gtest_filter=InternalRecordIOTest.RoundTripsPutRecord" "--gtest_also_run_disabled_tests"
Directory: C:/Users/user/KVDB/build
"InternalRecordIOTest.RoundTripsPutRecord" start time: May 09 05:33 Корейское время (зима)
Output:
----------------------------------------------------------
Running main() from C:\Users\user\KVDB\build\_deps\googletest-src\googletest\src\gtest_main.cc
Note: Google Test filter = InternalRecordIOTest.RoundTripsPutRecord
[==========] Running 1 test from 1 test suite.
[----------] Global test environment set-up.
[----------] 1 test from InternalRecordIOTest
[ RUN      ] InternalRecordIOTest.RoundTripsPutRecord
[       OK ] InternalRecordIOTest.RoundTripsPutRecord (6 ms)
[----------] 1 test from InternalRecordIOTest (6 ms total)

[----------] Global test environment tear-down
[==========] 1 test from 1 test suite ran. (6 ms total)
[  PASSED  ] 1 test.
<end of output>
Test time =   0.02 sec
----------------------------------------------------------
Test Passed.
"InternalRecordIOTest.RoundTripsPutRecord" end time: May 09 05:33 Корейское время (зима)
"InternalRecordIOTest.RoundTripsPutRecord" time elapsed: 00:00:00
----------------------------------------------------------

84/88 Testing: InternalRecordIOTest.RoundTripsTombstoneRecord
84/88 Test: InternalRecordIOTest.RoundTripsTombstoneRecord
Command: "C:/Users/user/KVDB/build/Debug/kvdb_record_test.exe" "--gtest_filter=InternalRecordIOTest.RoundTripsTombstoneRecord" "--gtest_also_run_disabled_tests"
Directory: C:/Users/user/KVDB/build
"InternalRecordIOTest.RoundTripsTombstoneRecord" start time: May 09 05:33 Корейское время (зима)
Output:
----------------------------------------------------------
Running main() from C:\Users\user\KVDB\build\_deps\googletest-src\googletest\src\gtest_main.cc
Note: Google Test filter = InternalRecordIOTest.RoundTripsTombstoneRecord
[==========] Running 1 test from 1 test suite.
[----------] Global test environment set-up.
[----------] 1 test from InternalRecordIOTest
[ RUN      ] InternalRecordIOTest.RoundTripsTombstoneRecord
[       OK ] InternalRecordIOTest.RoundTripsTombstoneRecord (7 ms)
[----------] 1 test from InternalRecordIOTest (7 ms total)

[----------] Global test environment tear-down
[==========] 1 test from 1 test suite ran. (7 ms total)
[  PASSED  ] 1 test.
<end of output>
Test time =   0.02 sec
----------------------------------------------------------
Test Passed.
"InternalRecordIOTest.RoundTripsTombstoneRecord" end time: May 09 05:33 Корейское время (зима)
"InternalRecordIOTest.RoundTripsTombstoneRecord" time elapsed: 00:00:00
----------------------------------------------------------

85/88 Testing: InternalRecordIOTest.RoundTripsEmptyKeyAndValue
85/88 Test: InternalRecordIOTest.RoundTripsEmptyKeyAndValue
Command: "C:/Users/user/KVDB/build/Debug/kvdb_record_test.exe" "--gtest_filter=InternalRecordIOTest.RoundTripsEmptyKeyAndValue" "--gtest_also_run_disabled_tests"
Directory: C:/Users/user/KVDB/build
"InternalRecordIOTest.RoundTripsEmptyKeyAndValue" start time: May 09 05:33 Корейское время (зима)
Output:
----------------------------------------------------------
Running main() from C:\Users\user\KVDB\build\_deps\googletest-src\googletest\src\gtest_main.cc
Note: Google Test filter = InternalRecordIOTest.RoundTripsEmptyKeyAndValue
[==========] Running 1 test from 1 test suite.
[----------] Global test environment set-up.
[----------] 1 test from InternalRecordIOTest
[ RUN      ] InternalRecordIOTest.RoundTripsEmptyKeyAndValue
[       OK ] InternalRecordIOTest.RoundTripsEmptyKeyAndValue (1 ms)
[----------] 1 test from InternalRecordIOTest (1 ms total)

[----------] Global test environment tear-down
[==========] 1 test from 1 test suite ran. (1 ms total)
[  PASSED  ] 1 test.
<end of output>
Test time =   0.01 sec
----------------------------------------------------------
Test Passed.
"InternalRecordIOTest.RoundTripsEmptyKeyAndValue" end time: May 09 05:33 Корейское время (зима)
"InternalRecordIOTest.RoundTripsEmptyKeyAndValue" time elapsed: 00:00:00
----------------------------------------------------------

86/88 Testing: InternalRecordIOTest.RoundTripsBinaryKeyAndValue
86/88 Test: InternalRecordIOTest.RoundTripsBinaryKeyAndValue
Command: "C:/Users/user/KVDB/build/Debug/kvdb_record_test.exe" "--gtest_filter=InternalRecordIOTest.RoundTripsBinaryKeyAndValue" "--gtest_also_run_disabled_tests"
Directory: C:/Users/user/KVDB/build
"InternalRecordIOTest.RoundTripsBinaryKeyAndValue" start time: May 09 05:33 Корейское время (зима)
Output:
----------------------------------------------------------
Running main() from C:\Users\user\KVDB\build\_deps\googletest-src\googletest\src\gtest_main.cc
Note: Google Test filter = InternalRecordIOTest.RoundTripsBinaryKeyAndValue
[==========] Running 1 test from 1 test suite.
[----------] Global test environment set-up.
[----------] 1 test from InternalRecordIOTest
[ RUN      ] InternalRecordIOTest.RoundTripsBinaryKeyAndValue
[       OK ] InternalRecordIOTest.RoundTripsBinaryKeyAndValue (6 ms)
[----------] 1 test from InternalRecordIOTest (6 ms total)

[----------] Global test environment tear-down
[==========] 1 test from 1 test suite ran. (6 ms total)
[  PASSED  ] 1 test.
<end of output>
Test time =   0.02 sec
----------------------------------------------------------
Test Passed.
"InternalRecordIOTest.RoundTripsBinaryKeyAndValue" end time: May 09 05:33 Корейское время (зима)
"InternalRecordIOTest.RoundTripsBinaryKeyAndValue" time elapsed: 00:00:00
----------------------------------------------------------

87/88 Testing: InternalRecordIOTest.ReadRejectsInvalidType
87/88 Test: InternalRecordIOTest.ReadRejectsInvalidType
Command: "C:/Users/user/KVDB/build/Debug/kvdb_record_test.exe" "--gtest_filter=InternalRecordIOTest.ReadRejectsInvalidType" "--gtest_also_run_disabled_tests"
Directory: C:/Users/user/KVDB/build
"InternalRecordIOTest.ReadRejectsInvalidType" start time: May 09 05:33 Корейское время (зима)
Output:
----------------------------------------------------------
Running main() from C:\Users\user\KVDB\build\_deps\googletest-src\googletest\src\gtest_main.cc
Note: Google Test filter = InternalRecordIOTest.ReadRejectsInvalidType
[==========] Running 1 test from 1 test suite.
[----------] Global test environment set-up.
[----------] 1 test from InternalRecordIOTest
[ RUN      ] InternalRecordIOTest.ReadRejectsInvalidType
[       OK ] InternalRecordIOTest.ReadRejectsInvalidType (1 ms)
[----------] 1 test from InternalRecordIOTest (1 ms total)

[----------] Global test environment tear-down
[==========] 1 test from 1 test suite ran. (1 ms total)
[  PASSED  ] 1 test.
<end of output>
Test time =   0.01 sec
----------------------------------------------------------
Test Passed.
"InternalRecordIOTest.ReadRejectsInvalidType" end time: May 09 05:33 Корейское время (зима)
"InternalRecordIOTest.ReadRejectsInvalidType" time elapsed: 00:00:00
----------------------------------------------------------

88/88 Testing: InternalRecordIOTest.ReadReturnsNulloptWhenValueIsMissing
88/88 Test: InternalRecordIOTest.ReadReturnsNulloptWhenValueIsMissing
Command: "C:/Users/user/KVDB/build/Debug/kvdb_record_test.exe" "--gtest_filter=InternalRecordIOTest.ReadReturnsNulloptWhenValueIsMissing" "--gtest_also_run_disabled_tests"
Directory: C:/Users/user/KVDB/build
"InternalRecordIOTest.ReadReturnsNulloptWhenValueIsMissing" start time: May 09 05:33 Корейское время (зима)
Output:
----------------------------------------------------------
Running main() from C:\Users\user\KVDB\build\_deps\googletest-src\googletest\src\gtest_main.cc
Note: Google Test filter = InternalRecordIOTest.ReadReturnsNulloptWhenValueIsMissing
[==========] Running 1 test from 1 test suite.
[----------] Global test environment set-up.
[----------] 1 test from InternalRecordIOTest
[ RUN      ] InternalRecordIOTest.ReadReturnsNulloptWhenValueIsMissing
[       OK ] InternalRecordIOTest.ReadReturnsNulloptWhenValueIsMissing (1 ms)
[----------] 1 test from InternalRecordIOTest (1 ms total)

[----------] Global test environment tear-down
[==========] 1 test from 1 test suite ran. (2 ms total)
[  PASSED  ] 1 test.
<end of output>
Test time =   0.01 sec
----------------------------------------------------------
Test Passed.
"InternalRecordIOTest.ReadReturnsNulloptWhenValueIsMissing" end time: May 09 05:33 Корейское время (зима)
"InternalRecordIOTest.ReadReturnsNulloptWhenValueIsMissing" time elapsed: 00:00:00
----------------------------------------------------------

End testing: May 09 05:33 Корейское время (зима)
